<?xml version="1.0" encoding="UTF-8"?>
<coverage generated="1694694881644" clover="3.2.0">
  <project timestamp="1694694881644" name="All files">
    <metrics statements="218" coveredstatements="214" conditionals="87" coveredconditionals="72" methods="45" coveredmethods="45" elements="350" coveredelements="331" complexity="0" loc="218" ncloc="218" packages="1" files="8" classes="8"/>
    <file name="connect-component.ts" path="/Users/lizhaokang/fork/mobx-miniprogram-lite/src/connect-component.ts">
      <metrics statements="29" coveredstatements="29" conditionals="2" coveredconditionals="2" methods="9" coveredmethods="9"/>
      <line num="1" count="6" type="stmt"/>
      <line num="3" count="8" type="stmt"/>
      <line num="27" count="8" type="stmt"/>
      <line num="28" count="8" type="stmt"/>
      <line num="29" count="8" type="stmt"/>
      <line num="31" count="8" type="stmt"/>
      <line num="33" count="8" type="stmt"/>
      <line num="36" count="8" type="stmt"/>
      <line num="37" count="36" type="stmt"/>
      <line num="38" count="36" type="stmt"/>
      <line num="40" count="36" type="stmt"/>
      <line num="41" count="36" type="stmt"/>
      <line num="43" count="154" type="cond" truecount="1" falsecount="0"/>
      <line num="44" count="149" type="stmt"/>
      <line num="45" count="149" type="stmt"/>
      <line num="48" count="36" type="stmt"/>
      <line num="49" count="36" type="stmt"/>
      <line num="50" count="36" type="cond" truecount="1" falsecount="0"/>
      <line num="53" count="36" type="stmt"/>
      <line num="60" count="36" type="stmt"/>
      <line num="61" count="36" type="stmt"/>
      <line num="66" count="28" type="stmt"/>
      <line num="68" count="28" type="stmt"/>
      <line num="71" count="28" type="stmt"/>
      <line num="76" count="36" type="stmt"/>
      <line num="77" count="36" type="stmt"/>
      <line num="80" count="8" type="stmt"/>
      <line num="90" count="8" type="stmt"/>
      <line num="92" count="8" type="stmt"/>
    </file>
    <file name="connect-page.ts" path="/Users/lizhaokang/fork/mobx-miniprogram-lite/src/connect-page.ts">
      <metrics statements="26" coveredstatements="26" conditionals="2" coveredconditionals="2" methods="8" coveredmethods="8"/>
      <line num="1" count="6" type="stmt"/>
      <line num="3" count="6" type="stmt"/>
      <line num="14" count="2" type="stmt"/>
      <line num="15" count="2" type="stmt"/>
      <line num="17" count="2" type="stmt"/>
      <line num="19" count="2" type="stmt"/>
      <line num="22" count="2" type="stmt"/>
      <line num="23" count="7" type="stmt"/>
      <line num="24" count="7" type="stmt"/>
      <line num="25" count="7" type="stmt"/>
      <line num="26" count="7" type="stmt"/>
      <line num="28" count="18" type="cond" truecount="1" falsecount="0"/>
      <line num="29" count="17" type="stmt"/>
      <line num="30" count="17" type="stmt"/>
      <line num="33" count="7" type="stmt"/>
      <line num="34" count="7" type="stmt"/>
      <line num="35" count="7" type="cond" truecount="1" falsecount="0"/>
      <line num="37" count="7" type="stmt"/>
      <line num="44" count="7" type="stmt"/>
      <line num="45" count="7" type="stmt"/>
      <line num="46" count="7" type="stmt"/>
      <line num="51" count="7" type="stmt"/>
      <line num="53" count="7" type="stmt"/>
      <line num="56" count="7" type="stmt"/>
      <line num="62" count="2" type="stmt"/>
      <line num="64" count="2" type="stmt"/>
    </file>
    <file name="const.ts" path="/Users/lizhaokang/fork/mobx-miniprogram-lite/src/const.ts">
      <metrics statements="5" coveredstatements="5" conditionals="0" coveredconditionals="0" methods="0" coveredmethods="0"/>
      <line num="1" count="676" type="stmt"/>
      <line num="2" count="1773" type="stmt"/>
      <line num="3" count="733" type="stmt"/>
      <line num="4" count="676" type="stmt"/>
      <line num="5" count="1410" type="stmt"/>
    </file>
    <file name="diff.ts" path="/Users/lizhaokang/fork/mobx-miniprogram-lite/src/diff.ts">
      <metrics statements="58" coveredstatements="56" conditionals="48" coveredconditionals="41" methods="9" coveredmethods="9"/>
      <line num="1" count="6" type="stmt"/>
      <line num="3" count="60" type="stmt"/>
      <line num="4" count="60" type="stmt"/>
      <line num="5" count="60" type="stmt"/>
      <line num="6" count="60" type="stmt"/>
      <line num="7" count="60" type="stmt"/>
      <line num="11" count="735" type="cond" truecount="1" falsecount="0"/>
      <line num="12" count="468" type="stmt"/>
      <line num="13" count="468" type="stmt"/>
      <line num="14" count="468" type="cond" truecount="4" falsecount="0"/>
      <line num="15" count="270" type="stmt"/>
      <line num="16" count="543" type="stmt"/>
      <line num="17" count="543" type="cond" truecount="2" falsecount="0"/>
      <line num="18" count="3" type="stmt"/>
      <line num="20" count="540" type="stmt"/>
      <line num="23" count="198" type="cond" truecount="3" falsecount="0"/>
      <line num="24" count="165" type="cond" truecount="1" falsecount="0"/>
      <line num="25" count="159" type="stmt"/>
      <line num="26" count="135" type="stmt"/>
      <line num="33" count="213" type="cond" truecount="0" falsecount="1"/>
      <line num="34" count="213" type="stmt"/>
      <line num="35" count="213" type="stmt"/>
      <line num="36" count="213" type="cond" truecount="2" falsecount="0"/>
      <line num="37" count="144" type="cond" truecount="2" falsecount="0"/>
      <line num="42" count="9" type="stmt"/>
      <line num="44" count="135" type="stmt"/>
      <line num="45" count="540" type="stmt"/>
      <line num="46" count="540" type="stmt"/>
      <line num="47" count="540" type="stmt"/>
      <line num="48" count="540" type="stmt"/>
      <line num="49" count="540" type="cond" truecount="4" falsecount="0"/>
      <line num="50" count="273" type="cond" truecount="1" falsecount="0"/>
      <line num="51" count="6" type="stmt"/>
      <line num="53" count="267" type="cond" truecount="2" falsecount="0"/>
      <line num="54" count="132" type="cond" truecount="2" falsecount="0"/>
      <line num="55" count="3" type="stmt"/>
      <line num="57" count="129" type="cond" truecount="2" falsecount="0"/>
      <line num="58" count="3" type="stmt"/>
      <line num="60" count="126" type="stmt"/>
      <line num="61" count="3" type="stmt"/>
      <line num="70" count="135" type="cond" truecount="1" falsecount="0"/>
      <line num="71" count="135" type="cond" truecount="1" falsecount="1"/>
      <line num="75" count="0" type="stmt"/>
      <line num="77" count="135" type="stmt"/>
      <line num="79" count="6" type="stmt"/>
      <line num="81" count="6" type="stmt"/>
      <line num="87" count="69" type="cond" truecount="2" falsecount="0"/>
      <line num="88" count="36" type="cond" truecount="1" falsecount="1"/>
      <line num="89" count="0" type="stmt"/>
      <line num="91" count="36" type="cond" truecount="2" falsecount="0"/>
      <line num="92" count="3" type="stmt"/>
      <line num="94" count="33" type="stmt"/>
      <line num="95" count="144" type="stmt"/>
      <line num="100" count="33" type="stmt"/>
      <line num="105" count="21" type="cond" truecount="1" falsecount="1"/>
      <line num="111" count="57" type="cond" truecount="1" falsecount="0"/>
      <line num="112" count="57" type="stmt"/>
      <line num="117" count="2499" type="stmt"/>
    </file>
    <file name="index.ts" path="/Users/lizhaokang/fork/mobx-miniprogram-lite/src/index.ts">
      <metrics statements="4" coveredstatements="4" conditionals="0" coveredconditionals="0" methods="0" coveredmethods="0"/>
      <line num="1" count="6" type="stmt"/>
      <line num="3" count="6" type="stmt"/>
      <line num="4" count="6" type="stmt"/>
      <line num="9" count="6" type="stmt"/>
    </file>
    <file name="shim-store-map.ts" path="/Users/lizhaokang/fork/mobx-miniprogram-lite/src/shim-store-map.ts">
      <metrics statements="62" coveredstatements="61" conditionals="19" coveredconditionals="14" methods="14" coveredmethods="14"/>
      <line num="1" count="6" type="stmt"/>
      <line num="2" count="6" type="stmt"/>
      <line num="3" count="6" type="stmt"/>
      <line num="17" count="6" type="stmt"/>
      <line num="19" count="6" type="stmt"/>
      <line num="21" count="6" type="stmt"/>
      <line num="24" count="156" type="stmt"/>
      <line num="25" count="156" type="cond" truecount="1" falsecount="0"/>
      <line num="26" count="6" type="cond" truecount="1" falsecount="1"/>
      <line num="27" count="6" type="stmt"/>
      <line num="28" count="6" type="stmt"/>
      <line num="29" count="6" type="stmt"/>
      <line num="33" count="6" type="stmt"/>
      <line num="35" count="0" type="stmt"/>
      <line num="38" count="156" type="stmt"/>
      <line num="42" count="43" type="stmt"/>
      <line num="43" count="43" type="stmt"/>
      <line num="47" count="35" type="stmt"/>
      <line num="48" count="35" type="stmt"/>
      <line num="52" count="43" type="stmt"/>
      <line num="54" count="43" type="stmt"/>
      <line num="56" count="43" type="stmt"/>
      <line num="58" count="43" type="stmt"/>
      <line num="59" count="43" type="cond" truecount="1" falsecount="0"/>
      <line num="60" count="19" type="stmt"/>
      <line num="61" count="19" type="stmt"/>
      <line num="64" count="19" type="stmt"/>
      <line num="72" count="19" type="stmt"/>
      <line num="73" count="44" type="stmt"/>
      <line num="75" count="104" type="cond" truecount="2" falsecount="0"/>
      <line num="76" count="104" type="stmt"/>
      <line num="77" count="104" type="stmt"/>
      <line num="78" count="104" type="stmt"/>
      <line num="81" count="60" type="stmt"/>
      <line num="82" count="60" type="stmt"/>
      <line num="85" count="57" type="cond" truecount="2" falsecount="0"/>
      <line num="86" count="57" type="stmt"/>
      <line num="87" count="57" type="stmt"/>
      <line num="90" count="60" type="stmt"/>
      <line num="91" count="172" type="stmt"/>
      <line num="95" count="44" type="stmt"/>
      <line num="98" count="19" type="stmt"/>
      <line num="99" count="40" type="stmt"/>
      <line num="103" count="43" type="cond" truecount="1" falsecount="0"/>
      <line num="104" count="43" type="stmt"/>
      <line num="107" count="6" type="stmt"/>
      <line num="108" count="35" type="stmt"/>
      <line num="109" count="35" type="cond" truecount="0" falsecount="1"/>
      <line num="110" count="35" type="stmt"/>
      <line num="113" count="6" type="stmt"/>
      <line num="114" count="35" type="cond" truecount="2" falsecount="1"/>
      <line num="115" count="35" type="stmt"/>
      <line num="116" count="35" type="stmt"/>
      <line num="117" count="35" type="cond" truecount="0" falsecount="1"/>
      <line num="118" count="35" type="stmt"/>
      <line num="119" count="35" type="cond" truecount="0" falsecount="1"/>
      <line num="120" count="35" type="stmt"/>
      <line num="121" count="35" type="cond" truecount="3" falsecount="0"/>
      <line num="122" count="17" type="stmt"/>
      <line num="123" count="17" type="stmt"/>
      <line num="124" count="17" type="stmt"/>
      <line num="129" count="121" type="stmt"/>
    </file>
    <file name="traverse.ts" path="/Users/lizhaokang/fork/mobx-miniprogram-lite/src/traverse.ts">
      <metrics statements="31" coveredstatements="30" conditionals="14" coveredconditionals="11" methods="3" coveredmethods="3"/>
      <line num="1" count="6" type="stmt"/>
      <line num="2" count="6" type="stmt"/>
      <line num="3" count="6" type="stmt"/>
      <line num="5" count="104" type="stmt"/>
      <line num="7" count="1158" type="cond" truecount="1" falsecount="0"/>
      <line num="9" count="1038" type="cond" truecount="1" falsecount="0"/>
      <line num="14" count="362" type="stmt"/>
      <line num="16" count="676" type="stmt"/>
      <line num="19" count="676" type="cond" truecount="0" falsecount="1"/>
      <line num="23" count="676" type="cond" truecount="3" falsecount="0"/>
      <line num="24" count="258" type="stmt"/>
      <line num="25" count="258" type="stmt"/>
      <line num="26" count="215" type="stmt"/>
      <line num="28" count="258" type="stmt"/>
      <line num="31" count="418" type="cond" truecount="0" falsecount="1"/>
      <line num="32" count="418" type="stmt"/>
      <line num="35" count="418" type="stmt"/>
      <line num="36" count="839" type="stmt"/>
      <line num="39" count="418" type="stmt"/>
      <line num="43" count="19" type="stmt"/>
      <line num="45" count="437" type="stmt"/>
      <line num="48" count="437" type="stmt"/>
      <line num="51" count="437" type="stmt"/>
      <line num="53" count="437" type="stmt"/>
      <line num="55" count="437" type="stmt"/>
      <line num="56" count="1043" type="cond" truecount="2" falsecount="0"/>
      <line num="57" count="160" type="stmt"/>
      <line num="58" count="883" type="cond" truecount="1" falsecount="1"/>
      <line num="59" count="883" type="stmt"/>
      <line num="61" count="0" type="stmt"/>
      <line num="88" count="437" type="stmt"/>
    </file>
    <file name="utils.ts" path="/Users/lizhaokang/fork/mobx-miniprogram-lite/src/utils.ts">
      <metrics statements="3" coveredstatements="3" conditionals="2" coveredconditionals="2" methods="2" coveredmethods="2"/>
      <line num="1" count="676" type="stmt"/>
      <line num="3" count="418" type="stmt"/>
      <line num="4" count="418" type="cond" truecount="2" falsecount="0"/>
    </file>
  </project>
</coverage>
