<?xml version="1.0" encoding="UTF-8"?>
<coverage generated="1694692104624" clover="3.2.0">
  <project timestamp="1694692104624" name="All files">
    <metrics statements="222" coveredstatements="215" conditionals="88" coveredconditionals="72" methods="46" coveredmethods="45" elements="356" coveredelements="332" complexity="0" loc="222" ncloc="222" packages="1" files="8" classes="8"/>
    <file name="connect-component.ts" path="/Users/lizhaokang/fork/mobx-miniprogram-lite/src/connect-component.ts">
      <metrics statements="29" coveredstatements="29" conditionals="2" coveredconditionals="2" methods="9" coveredmethods="9"/>
      <line num="1" count="4" type="stmt"/>
      <line num="3" count="4" type="stmt"/>
      <line num="27" count="4" type="stmt"/>
      <line num="28" count="4" type="stmt"/>
      <line num="29" count="4" type="stmt"/>
      <line num="31" count="4" type="stmt"/>
      <line num="33" count="4" type="stmt"/>
      <line num="36" count="4" type="stmt"/>
      <line num="37" count="21" type="stmt"/>
      <line num="38" count="21" type="stmt"/>
      <line num="40" count="21" type="stmt"/>
      <line num="41" count="21" type="stmt"/>
      <line num="43" count="82" type="cond" truecount="1" falsecount="0"/>
      <line num="44" count="79" type="stmt"/>
      <line num="45" count="79" type="stmt"/>
      <line num="48" count="21" type="stmt"/>
      <line num="49" count="21" type="stmt"/>
      <line num="50" count="21" type="cond" truecount="1" falsecount="0"/>
      <line num="53" count="21" type="stmt"/>
      <line num="60" count="21" type="stmt"/>
      <line num="61" count="21" type="stmt"/>
      <line num="66" count="17" type="stmt"/>
      <line num="68" count="17" type="stmt"/>
      <line num="71" count="17" type="stmt"/>
      <line num="76" count="21" type="stmt"/>
      <line num="77" count="21" type="stmt"/>
      <line num="80" count="4" type="stmt"/>
      <line num="90" count="4" type="stmt"/>
      <line num="92" count="4" type="stmt"/>
    </file>
    <file name="connect-page.ts" path="/Users/lizhaokang/fork/mobx-miniprogram-lite/src/connect-page.ts">
      <metrics statements="26" coveredstatements="26" conditionals="2" coveredconditionals="2" methods="8" coveredmethods="8"/>
      <line num="1" count="4" type="stmt"/>
      <line num="3" count="4" type="stmt"/>
      <line num="14" count="2" type="stmt"/>
      <line num="15" count="2" type="stmt"/>
      <line num="17" count="2" type="stmt"/>
      <line num="19" count="2" type="stmt"/>
      <line num="22" count="2" type="stmt"/>
      <line num="23" count="7" type="stmt"/>
      <line num="24" count="7" type="stmt"/>
      <line num="25" count="7" type="stmt"/>
      <line num="26" count="7" type="stmt"/>
      <line num="28" count="18" type="cond" truecount="1" falsecount="0"/>
      <line num="29" count="17" type="stmt"/>
      <line num="30" count="17" type="stmt"/>
      <line num="33" count="7" type="stmt"/>
      <line num="34" count="7" type="stmt"/>
      <line num="35" count="7" type="cond" truecount="1" falsecount="0"/>
      <line num="37" count="7" type="stmt"/>
      <line num="44" count="7" type="stmt"/>
      <line num="45" count="7" type="stmt"/>
      <line num="46" count="7" type="stmt"/>
      <line num="51" count="7" type="stmt"/>
      <line num="53" count="7" type="stmt"/>
      <line num="56" count="7" type="stmt"/>
      <line num="62" count="2" type="stmt"/>
      <line num="64" count="2" type="stmt"/>
    </file>
    <file name="const.ts" path="/Users/lizhaokang/fork/mobx-miniprogram-lite/src/const.ts">
      <metrics statements="5" coveredstatements="5" conditionals="0" coveredconditionals="0" methods="0" coveredmethods="0"/>
      <line num="1" count="456" type="stmt"/>
      <line num="2" count="1174" type="stmt"/>
      <line num="3" count="490" type="stmt"/>
      <line num="4" count="456" type="stmt"/>
      <line num="5" count="932" type="stmt"/>
    </file>
    <file name="diff.ts" path="/Users/lizhaokang/fork/mobx-miniprogram-lite/src/diff.ts">
      <metrics statements="58" coveredstatements="56" conditionals="48" coveredconditionals="41" methods="9" coveredmethods="9"/>
      <line num="1" count="4" type="stmt"/>
      <line num="3" count="36" type="stmt"/>
      <line num="4" count="36" type="stmt"/>
      <line num="5" count="36" type="stmt"/>
      <line num="6" count="36" type="stmt"/>
      <line num="7" count="36" type="stmt"/>
      <line num="11" count="486" type="cond" truecount="1" falsecount="0"/>
      <line num="12" count="308" type="stmt"/>
      <line num="13" count="308" type="stmt"/>
      <line num="14" count="308" type="cond" truecount="4" falsecount="0"/>
      <line num="15" count="180" type="stmt"/>
      <line num="16" count="362" type="stmt"/>
      <line num="17" count="362" type="cond" truecount="2" falsecount="0"/>
      <line num="18" count="2" type="stmt"/>
      <line num="20" count="360" type="stmt"/>
      <line num="23" count="128" type="cond" truecount="3" falsecount="0"/>
      <line num="24" count="110" type="cond" truecount="1" falsecount="0"/>
      <line num="25" count="106" type="stmt"/>
      <line num="26" count="90" type="stmt"/>
      <line num="33" count="138" type="cond" truecount="0" falsecount="1"/>
      <line num="34" count="138" type="stmt"/>
      <line num="35" count="138" type="stmt"/>
      <line num="36" count="138" type="cond" truecount="2" falsecount="0"/>
      <line num="37" count="96" type="cond" truecount="2" falsecount="0"/>
      <line num="42" count="6" type="stmt"/>
      <line num="44" count="90" type="stmt"/>
      <line num="45" count="360" type="stmt"/>
      <line num="46" count="360" type="stmt"/>
      <line num="47" count="360" type="stmt"/>
      <line num="48" count="360" type="stmt"/>
      <line num="49" count="360" type="cond" truecount="4" falsecount="0"/>
      <line num="50" count="182" type="cond" truecount="1" falsecount="0"/>
      <line num="51" count="4" type="stmt"/>
      <line num="53" count="178" type="cond" truecount="2" falsecount="0"/>
      <line num="54" count="88" type="cond" truecount="2" falsecount="0"/>
      <line num="55" count="2" type="stmt"/>
      <line num="57" count="86" type="cond" truecount="2" falsecount="0"/>
      <line num="58" count="2" type="stmt"/>
      <line num="60" count="84" type="stmt"/>
      <line num="61" count="2" type="stmt"/>
      <line num="70" count="90" type="cond" truecount="1" falsecount="0"/>
      <line num="71" count="90" type="cond" truecount="1" falsecount="1"/>
      <line num="75" count="0" type="stmt"/>
      <line num="77" count="90" type="stmt"/>
      <line num="79" count="4" type="stmt"/>
      <line num="81" count="4" type="stmt"/>
      <line num="87" count="42" type="cond" truecount="2" falsecount="0"/>
      <line num="88" count="24" type="cond" truecount="1" falsecount="1"/>
      <line num="89" count="0" type="stmt"/>
      <line num="91" count="24" type="cond" truecount="2" falsecount="0"/>
      <line num="92" count="2" type="stmt"/>
      <line num="94" count="22" type="stmt"/>
      <line num="95" count="96" type="stmt"/>
      <line num="100" count="18" type="stmt"/>
      <line num="105" count="14" type="cond" truecount="1" falsecount="1"/>
      <line num="111" count="34" type="cond" truecount="1" falsecount="0"/>
      <line num="112" count="34" type="stmt"/>
      <line num="117" count="1646" type="stmt"/>
    </file>
    <file name="index.ts" path="/Users/lizhaokang/fork/mobx-miniprogram-lite/src/index.ts">
      <metrics statements="4" coveredstatements="4" conditionals="0" coveredconditionals="0" methods="0" coveredmethods="0"/>
      <line num="1" count="4" type="stmt"/>
      <line num="3" count="4" type="stmt"/>
      <line num="4" count="4" type="stmt"/>
      <line num="9" count="4" type="stmt"/>
    </file>
    <file name="shim-store-map.ts" path="/Users/lizhaokang/fork/mobx-miniprogram-lite/src/shim-store-map.ts">
      <metrics statements="62" coveredstatements="61" conditionals="19" coveredconditionals="14" methods="14" coveredmethods="14"/>
      <line num="1" count="4" type="stmt"/>
      <line num="2" count="4" type="stmt"/>
      <line num="3" count="4" type="stmt"/>
      <line num="17" count="4" type="stmt"/>
      <line num="19" count="4" type="stmt"/>
      <line num="21" count="4" type="stmt"/>
      <line num="24" count="104" type="stmt"/>
      <line num="25" count="104" type="cond" truecount="1" falsecount="0"/>
      <line num="26" count="4" type="cond" truecount="1" falsecount="1"/>
      <line num="27" count="4" type="stmt"/>
      <line num="28" count="4" type="stmt"/>
      <line num="29" count="4" type="stmt"/>
      <line num="33" count="4" type="stmt"/>
      <line num="35" count="0" type="stmt"/>
      <line num="38" count="104" type="stmt"/>
      <line num="42" count="28" type="stmt"/>
      <line num="43" count="28" type="stmt"/>
      <line num="47" count="24" type="stmt"/>
      <line num="48" count="24" type="stmt"/>
      <line num="52" count="28" type="stmt"/>
      <line num="54" count="28" type="stmt"/>
      <line num="56" count="28" type="stmt"/>
      <line num="58" count="28" type="stmt"/>
      <line num="59" count="28" type="cond" truecount="1" falsecount="0"/>
      <line num="60" count="13" type="stmt"/>
      <line num="61" count="13" type="stmt"/>
      <line num="64" count="13" type="stmt"/>
      <line num="72" count="13" type="stmt"/>
      <line num="73" count="26" type="stmt"/>
      <line num="75" count="62" type="cond" truecount="2" falsecount="0"/>
      <line num="76" count="62" type="stmt"/>
      <line num="77" count="62" type="stmt"/>
      <line num="78" count="62" type="stmt"/>
      <line num="81" count="36" type="stmt"/>
      <line num="82" count="36" type="stmt"/>
      <line num="85" count="34" type="cond" truecount="2" falsecount="0"/>
      <line num="86" count="34" type="stmt"/>
      <line num="87" count="34" type="stmt"/>
      <line num="90" count="36" type="stmt"/>
      <line num="91" count="100" type="stmt"/>
      <line num="95" count="26" type="stmt"/>
      <line num="98" count="13" type="stmt"/>
      <line num="99" count="24" type="stmt"/>
      <line num="103" count="28" type="cond" truecount="1" falsecount="0"/>
      <line num="104" count="28" type="stmt"/>
      <line num="107" count="4" type="stmt"/>
      <line num="108" count="24" type="stmt"/>
      <line num="109" count="24" type="cond" truecount="0" falsecount="1"/>
      <line num="110" count="24" type="stmt"/>
      <line num="113" count="4" type="stmt"/>
      <line num="114" count="24" type="cond" truecount="2" falsecount="1"/>
      <line num="115" count="24" type="stmt"/>
      <line num="116" count="24" type="stmt"/>
      <line num="117" count="24" type="cond" truecount="0" falsecount="1"/>
      <line num="118" count="24" type="stmt"/>
      <line num="119" count="24" type="cond" truecount="0" falsecount="1"/>
      <line num="120" count="24" type="stmt"/>
      <line num="121" count="24" type="cond" truecount="3" falsecount="0"/>
      <line num="122" count="12" type="stmt"/>
      <line num="123" count="12" type="stmt"/>
      <line num="124" count="12" type="stmt"/>
      <line num="129" count="80" type="stmt"/>
    </file>
    <file name="traverse.ts" path="/Users/lizhaokang/fork/mobx-miniprogram-lite/src/traverse.ts">
      <metrics statements="31" coveredstatements="30" conditionals="14" coveredconditionals="11" methods="3" coveredmethods="3"/>
      <line num="1" count="4" type="stmt"/>
      <line num="2" count="4" type="stmt"/>
      <line num="3" count="4" type="stmt"/>
      <line num="5" count="62" type="stmt"/>
      <line num="7" count="773" type="cond" truecount="1" falsecount="0"/>
      <line num="9" count="692" type="cond" truecount="1" falsecount="0"/>
      <line num="14" count="236" type="stmt"/>
      <line num="16" count="456" type="stmt"/>
      <line num="19" count="456" type="cond" truecount="0" falsecount="1"/>
      <line num="23" count="456" type="cond" truecount="3" falsecount="0"/>
      <line num="24" count="174" type="stmt"/>
      <line num="25" count="174" type="stmt"/>
      <line num="26" count="145" type="stmt"/>
      <line num="28" count="174" type="stmt"/>
      <line num="31" count="282" type="cond" truecount="0" falsecount="1"/>
      <line num="32" count="282" type="stmt"/>
      <line num="35" count="282" type="stmt"/>
      <line num="36" count="566" type="stmt"/>
      <line num="39" count="282" type="stmt"/>
      <line num="43" count="13" type="stmt"/>
      <line num="45" count="295" type="stmt"/>
      <line num="48" count="295" type="stmt"/>
      <line num="51" count="295" type="stmt"/>
      <line num="53" count="295" type="stmt"/>
      <line num="55" count="295" type="stmt"/>
      <line num="56" count="702" type="cond" truecount="2" falsecount="0"/>
      <line num="57" count="110" type="stmt"/>
      <line num="58" count="592" type="cond" truecount="1" falsecount="1"/>
      <line num="59" count="592" type="stmt"/>
      <line num="61" count="0" type="stmt"/>
      <line num="88" count="295" type="stmt"/>
    </file>
    <file name="utils.ts" path="/Users/lizhaokang/fork/mobx-miniprogram-lite/src/utils.ts">
      <metrics statements="7" coveredstatements="4" conditionals="3" coveredconditionals="2" methods="3" coveredmethods="2"/>
      <line num="1" count="4" type="stmt"/>
      <line num="3" count="456" type="stmt"/>
      <line num="5" count="0" type="stmt"/>
      <line num="6" count="0" type="cond" truecount="0" falsecount="1"/>
      <line num="7" count="0" type="stmt"/>
      <line num="10" count="282" type="stmt"/>
      <line num="11" count="282" type="cond" truecount="2" falsecount="0"/>
    </file>
  </project>
</coverage>
