{"/Users/lizhaokang/fork/mobx-miniprogram-lite/src/connect-component.ts": {"path":"/Users/lizhaokang/fork/mobx-miniprogram-lite/src/connect-component.ts","statementMap":{"0":{"start":{"line":17,"column":13},"end":{"line":17,"column":32}},"1":{"start":{"line":1,"column":33},"end":{"line":1,"column":null}},"2":{"start":{"line":2,"column":24},"end":{"line":2,"column":null}},"3":{"start":{"line":17,"column":32},"end":{"line":139,"column":null}},"4":{"start":{"line":46,"column":20},"end":{"line":46,"column":null}},"5":{"start":{"line":47,"column":20},"end":{"line":47,"column":null}},"6":{"start":{"line":48,"column":19},"end":{"line":48,"column":null}},"7":{"start":{"line":50,"column":16},"end":{"line":50,"column":29}},"8":{"start":{"line":54,"column":4},"end":{"line":54,"column":null}},"9":{"start":{"line":54,"column":37},"end":{"line":54,"column":null}},"10":{"start":{"line":55,"column":18},"end":{"line":58,"column":null}},"11":{"start":{"line":56,"column":6},"end":{"line":56,"column":null}},"12":{"start":{"line":57,"column":6},"end":{"line":57,"column":null}},"13":{"start":{"line":59,"column":4},"end":{"line":61,"column":null}},"14":{"start":{"line":60,"column":6},"end":{"line":60,"column":null}},"15":{"start":{"line":64,"column":22},"end":{"line":64,"column":null}},"16":{"start":{"line":67,"column":26},"end":{"line":89,"column":null}},"17":{"start":{"line":69,"column":19},"end":{"line":69,"column":null}},"18":{"start":{"line":71,"column":29},"end":{"line":71,"column":null}},"19":{"start":{"line":73,"column":4},"end":{"line":73,"column":null}},"20":{"start":{"line":75,"column":44},"end":{"line":75,"column":null}},"21":{"start":{"line":77,"column":4},"end":{"line":83,"column":null}},"22":{"start":{"line":78,"column":23},"end":{"line":78,"column":null}},"23":{"start":{"line":79,"column":24},"end":{"line":79,"column":null}},"24":{"start":{"line":80,"column":6},"end":{"line":80,"column":null}},"25":{"start":{"line":81,"column":6},"end":{"line":81,"column":null}},"26":{"start":{"line":82,"column":6},"end":{"line":82,"column":null}},"27":{"start":{"line":86,"column":4},"end":{"line":88,"column":null}},"28":{"start":{"line":93,"column":4},"end":{"line":93,"column":null}},"29":{"start":{"line":94,"column":4},"end":{"line":94,"column":null}},"30":{"start":{"line":99,"column":19},"end":{"line":99,"column":35}},"31":{"start":{"line":100,"column":22},"end":{"line":100,"column":58}},"32":{"start":{"line":101,"column":4},"end":{"line":108,"column":null}},"33":{"start":{"line":102,"column":6},"end":{"line":106,"column":null}},"34":{"start":{"line":104,"column":28},"end":{"line":104,"column":null}},"35":{"start":{"line":105,"column":10},"end":{"line":105,"column":null}},"36":{"start":{"line":105,"column":42},"end":{"line":105,"column":null}},"37":{"start":{"line":110,"column":4},"end":{"line":110,"column":null}},"38":{"start":{"line":110,"column":29},"end":{"line":110,"column":null}},"39":{"start":{"line":111,"column":4},"end":{"line":111,"column":null}},"40":{"start":{"line":116,"column":4},"end":{"line":116,"column":null}},"41":{"start":{"line":117,"column":4},"end":{"line":117,"column":null}},"42":{"start":{"line":120,"column":2},"end":{"line":125,"column":null}},"43":{"start":{"line":130,"column":2},"end":{"line":130,"column":null}},"44":{"start":{"line":132,"column":2},"end":{"line":138,"column":null}}},"fnMap":{"0":{"name":"(anonymous_2)","decl":{"start":{"line":17,"column":32},"end":{"line":17,"column":null}},"loc":{"start":{"line":25,"column":2},"end":{"line":139,"column":null}}},"1":{"name":"listenerFactory","decl":{"start":{"line":52,"column":11},"end":{"line":52,"column":43}},"loc":{"start":{"line":52,"column":70},"end":{"line":62,"column":null}}},"2":{"name":"(anonymous_4)","decl":{"start":{"line":55,"column":55},"end":{"line":55,"column":56}},"loc":{"start":{"line":55,"column":74},"end":{"line":58,"column":7}}},"3":{"name":"(anonymous_5)","decl":{"start":{"line":59,"column":16},"end":{"line":59,"column":null}},"loc":{"start":{"line":59,"column":16},"end":{"line":61,"column":null}}},"4":{"name":"(anonymous_6)","decl":{"start":{"line":67,"column":26},"end":{"line":67,"column":null}},"loc":{"start":{"line":67,"column":26},"end":{"line":89,"column":null}}},"5":{"name":"(anonymous_7)","decl":{"start":{"line":77,"column":40},"end":{"line":77,"column":41}},"loc":{"start":{"line":77,"column":69},"end":{"line":83,"column":null}}},"6":{"name":"attached","decl":{"start":{"line":92,"column":11},"end":{"line":92,"column":null}},"loc":{"start":{"line":92,"column":11},"end":{"line":95,"column":null}}},"7":{"name":"detached","decl":{"start":{"line":98,"column":11},"end":{"line":98,"column":null}},"loc":{"start":{"line":98,"column":11},"end":{"line":112,"column":null}}},"8":{"name":"(anonymous_10)","decl":{"start":{"line":103,"column":8},"end":{"line":103,"column":9}},"loc":{"start":{"line":103,"column":22},"end":{"line":106,"column":null}}},"9":{"name":"(anonymous_11)","decl":{"start":{"line":105,"column":28},"end":{"line":105,"column":29}},"loc":{"start":{"line":105,"column":42},"end":{"line":105,"column":null}}},"10":{"name":"created","decl":{"start":{"line":115,"column":11},"end":{"line":115,"column":null}},"loc":{"start":{"line":115,"column":11},"end":{"line":118,"column":null}}}},"branchMap":{"0":{"loc":{"start":{"line":54,"column":4},"end":{"line":54,"column":null}},"type":"if","locations":[{"start":{"line":54,"column":4},"end":{"line":54,"column":null}}]},"1":{"loc":{"start":{"line":100,"column":22},"end":{"line":100,"column":58}},"type":"binary-expr","locations":[{"start":{"line":100,"column":22},"end":{"line":100,"column":56}},{"start":{"line":100,"column":56},"end":{"line":100,"column":58}}]},"2":{"loc":{"start":{"line":101,"column":4},"end":{"line":108,"column":null}},"type":"if","locations":[{"start":{"line":101,"column":4},"end":{"line":108,"column":null}}]},"3":{"loc":{"start":{"line":110,"column":4},"end":{"line":110,"column":null}},"type":"if","locations":[{"start":{"line":110,"column":4},"end":{"line":110,"column":null}}]}},"s":{"0":9,"1":7,"2":7,"3":7,"4":9,"5":9,"6":9,"7":9,"8":164,"9":5,"10":159,"11":159,"12":159,"13":159,"14":159,"15":9,"16":9,"17":38,"18":38,"19":38,"20":38,"21":38,"22":38,"23":38,"24":38,"25":38,"26":38,"27":38,"28":38,"29":38,"30":29,"31":29,"32":29,"33":29,"34":29,"35":29,"36":29,"37":29,"38":29,"39":29,"40":38,"41":38,"42":9,"43":9,"44":9},"f":{"0":9,"1":164,"2":159,"3":159,"4":38,"5":38,"6":38,"7":29,"8":29,"9":29,"10":38},"b":{"0":[5],"1":[29,0],"2":[29],"3":[29]}}
,"/Users/lizhaokang/fork/mobx-miniprogram-lite/src/connect-page.ts": {"path":"/Users/lizhaokang/fork/mobx-miniprogram-lite/src/connect-page.ts","statementMap":{"0":{"start":{"line":20,"column":13},"end":{"line":20,"column":27}},"1":{"start":{"line":1,"column":33},"end":{"line":1,"column":null}},"2":{"start":{"line":2,"column":24},"end":{"line":2,"column":null}},"3":{"start":{"line":20,"column":27},"end":{"line":114,"column":null}},"4":{"start":{"line":32,"column":18},"end":{"line":32,"column":32}},"5":{"start":{"line":33,"column":20},"end":{"line":33,"column":36}},"6":{"start":{"line":35,"column":16},"end":{"line":35,"column":29}},"7":{"start":{"line":39,"column":4},"end":{"line":39,"column":null}},"8":{"start":{"line":39,"column":37},"end":{"line":39,"column":null}},"9":{"start":{"line":40,"column":18},"end":{"line":43,"column":null}},"10":{"start":{"line":41,"column":6},"end":{"line":41,"column":null}},"11":{"start":{"line":42,"column":6},"end":{"line":42,"column":null}},"12":{"start":{"line":44,"column":4},"end":{"line":46,"column":null}},"13":{"start":{"line":45,"column":6},"end":{"line":45,"column":null}},"14":{"start":{"line":49,"column":22},"end":{"line":49,"column":null}},"15":{"start":{"line":52,"column":24},"end":{"line":74,"column":null}},"16":{"start":{"line":54,"column":19},"end":{"line":54,"column":null}},"17":{"start":{"line":56,"column":29},"end":{"line":56,"column":null}},"18":{"start":{"line":58,"column":4},"end":{"line":58,"column":null}},"19":{"start":{"line":60,"column":30},"end":{"line":60,"column":null}},"20":{"start":{"line":62,"column":4},"end":{"line":69,"column":null}},"21":{"start":{"line":63,"column":23},"end":{"line":63,"column":null}},"22":{"start":{"line":64,"column":24},"end":{"line":64,"column":null}},"23":{"start":{"line":65,"column":6},"end":{"line":65,"column":null}},"24":{"start":{"line":66,"column":6},"end":{"line":66,"column":null}},"25":{"start":{"line":68,"column":6},"end":{"line":68,"column":null}},"26":{"start":{"line":71,"column":4},"end":{"line":73,"column":null}},"27":{"start":{"line":78,"column":4},"end":{"line":78,"column":null}},"28":{"start":{"line":79,"column":4},"end":{"line":79,"column":null}},"29":{"start":{"line":80,"column":4},"end":{"line":80,"column":null}},"30":{"start":{"line":85,"column":19},"end":{"line":85,"column":35}},"31":{"start":{"line":86,"column":22},"end":{"line":86,"column":58}},"32":{"start":{"line":87,"column":4},"end":{"line":94,"column":null}},"33":{"start":{"line":88,"column":6},"end":{"line":92,"column":null}},"34":{"start":{"line":90,"column":28},"end":{"line":90,"column":null}},"35":{"start":{"line":91,"column":10},"end":{"line":91,"column":null}},"36":{"start":{"line":91,"column":42},"end":{"line":91,"column":null}},"37":{"start":{"line":96,"column":4},"end":{"line":96,"column":null}},"38":{"start":{"line":96,"column":29},"end":{"line":96,"column":null}},"39":{"start":{"line":97,"column":4},"end":{"line":97,"column":null}},"40":{"start":{"line":103,"column":2},"end":{"line":103,"column":null}},"41":{"start":{"line":105,"column":2},"end":{"line":113,"column":null}}},"fnMap":{"0":{"name":"(anonymous_2)","decl":{"start":{"line":20,"column":27},"end":{"line":20,"column":null}},"loc":{"start":{"line":28,"column":2},"end":{"line":114,"column":null}}},"1":{"name":"listenerFactory","decl":{"start":{"line":37,"column":11},"end":{"line":37,"column":43}},"loc":{"start":{"line":37,"column":70},"end":{"line":47,"column":null}}},"2":{"name":"(anonymous_4)","decl":{"start":{"line":40,"column":55},"end":{"line":40,"column":56}},"loc":{"start":{"line":40,"column":74},"end":{"line":43,"column":7}}},"3":{"name":"(anonymous_5)","decl":{"start":{"line":44,"column":16},"end":{"line":44,"column":null}},"loc":{"start":{"line":44,"column":16},"end":{"line":46,"column":null}}},"4":{"name":"(anonymous_6)","decl":{"start":{"line":52,"column":24},"end":{"line":52,"column":null}},"loc":{"start":{"line":52,"column":24},"end":{"line":74,"column":null}}},"5":{"name":"(anonymous_7)","decl":{"start":{"line":62,"column":34},"end":{"line":62,"column":35}},"loc":{"start":{"line":62,"column":64},"end":{"line":69,"column":null}}},"6":{"name":"onLoad","decl":{"start":{"line":77,"column":11},"end":{"line":77,"column":34}},"loc":{"start":{"line":77,"column":48},"end":{"line":81,"column":null}}},"7":{"name":"onUnload","decl":{"start":{"line":84,"column":11},"end":{"line":84,"column":36}},"loc":{"start":{"line":84,"column":50},"end":{"line":98,"column":null}}},"8":{"name":"(anonymous_10)","decl":{"start":{"line":89,"column":8},"end":{"line":89,"column":9}},"loc":{"start":{"line":89,"column":22},"end":{"line":92,"column":null}}},"9":{"name":"(anonymous_11)","decl":{"start":{"line":91,"column":28},"end":{"line":91,"column":29}},"loc":{"start":{"line":91,"column":42},"end":{"line":91,"column":null}}}},"branchMap":{"0":{"loc":{"start":{"line":39,"column":4},"end":{"line":39,"column":null}},"type":"if","locations":[{"start":{"line":39,"column":4},"end":{"line":39,"column":null}}]},"1":{"loc":{"start":{"line":86,"column":22},"end":{"line":86,"column":58}},"type":"binary-expr","locations":[{"start":{"line":86,"column":22},"end":{"line":86,"column":56}},{"start":{"line":86,"column":56},"end":{"line":86,"column":58}}]},"2":{"loc":{"start":{"line":87,"column":4},"end":{"line":94,"column":null}},"type":"if","locations":[{"start":{"line":87,"column":4},"end":{"line":94,"column":null}}]},"3":{"loc":{"start":{"line":96,"column":4},"end":{"line":96,"column":null}},"type":"if","locations":[{"start":{"line":96,"column":4},"end":{"line":96,"column":null}}]}},"s":{"0":2,"1":7,"2":7,"3":7,"4":2,"5":2,"6":2,"7":18,"8":1,"9":17,"10":17,"11":17,"12":17,"13":17,"14":2,"15":2,"16":7,"17":7,"18":7,"19":7,"20":7,"21":7,"22":7,"23":7,"24":7,"25":7,"26":7,"27":7,"28":7,"29":7,"30":7,"31":7,"32":7,"33":7,"34":7,"35":7,"36":7,"37":7,"38":7,"39":7,"40":2,"41":2},"f":{"0":2,"1":18,"2":17,"3":17,"4":7,"5":7,"6":7,"7":7,"8":7,"9":7},"b":{"0":[1],"1":[7,0],"2":[7],"3":[7]}}
,"/Users/lizhaokang/fork/mobx-miniprogram-lite/src/const.ts": {"path":"/Users/lizhaokang/fork/mobx-miniprogram-lite/src/const.ts","statementMap":{"0":{"start":{"line":1,"column":13},"end":{"line":1,"column":21}},"1":{"start":{"line":2,"column":13},"end":{"line":2,"column":21}},"2":{"start":{"line":3,"column":13},"end":{"line":3,"column":21}},"3":{"start":{"line":4,"column":13},"end":{"line":4,"column":22}},"4":{"start":{"line":5,"column":13},"end":{"line":5,"column":21}},"5":{"start":{"line":1,"column":24},"end":{"line":1,"column":null}},"6":{"start":{"line":2,"column":24},"end":{"line":2,"column":null}},"7":{"start":{"line":3,"column":24},"end":{"line":3,"column":null}},"8":{"start":{"line":4,"column":25},"end":{"line":4,"column":null}},"9":{"start":{"line":5,"column":24},"end":{"line":5,"column":null}}},"fnMap":{},"branchMap":{},"s":{"0":676,"1":1785,"2":739,"3":676,"4":1422,"5":7,"6":7,"7":7,"8":7,"9":7},"f":{},"b":{}}
,"/Users/lizhaokang/fork/mobx-miniprogram-lite/src/diff.ts": {"path":"/Users/lizhaokang/fork/mobx-miniprogram-lite/src/diff.ts","statementMap":{"0":{"start":{"line":3,"column":16},"end":{"line":3,"column":25}},"1":{"start":{"line":1,"column":45},"end":{"line":1,"column":null}},"2":{"start":{"line":4,"column":17},"end":{"line":4,"column":null}},"3":{"start":{"line":5,"column":2},"end":{"line":5,"column":null}},"4":{"start":{"line":6,"column":2},"end":{"line":6,"column":null}},"5":{"start":{"line":7,"column":2},"end":{"line":7,"column":null}},"6":{"start":{"line":11,"column":2},"end":{"line":11,"column":null}},"7":{"start":{"line":11,"column":28},"end":{"line":11,"column":null}},"8":{"start":{"line":12,"column":26},"end":{"line":12,"column":null}},"9":{"start":{"line":13,"column":22},"end":{"line":13,"column":null}},"10":{"start":{"line":14,"column":2},"end":{"line":29,"column":null}},"11":{"start":{"line":15,"column":4},"end":{"line":22,"column":null}},"12":{"start":{"line":16,"column":27},"end":{"line":16,"column":39}},"13":{"start":{"line":17,"column":6},"end":{"line":21,"column":null}},"14":{"start":{"line":18,"column":8},"end":{"line":18,"column":null}},"15":{"start":{"line":20,"column":8},"end":{"line":20,"column":null}},"16":{"start":{"line":23,"column":9},"end":{"line":29,"column":null}},"17":{"start":{"line":24,"column":4},"end":{"line":28,"column":null}},"18":{"start":{"line":25,"column":6},"end":{"line":27,"column":null}},"19":{"start":{"line":26,"column":8},"end":{"line":26,"column":null}},"20":{"start":{"line":33,"column":2},"end":{"line":33,"column":null}},"21":{"start":{"line":33,"column":28},"end":{"line":33,"column":null}},"22":{"start":{"line":34,"column":26},"end":{"line":34,"column":null}},"23":{"start":{"line":35,"column":22},"end":{"line":35,"column":null}},"24":{"start":{"line":36,"column":2},"end":{"line":101,"column":null}},"25":{"start":{"line":37,"column":4},"end":{"line":86,"column":null}},"26":{"start":{"line":42,"column":6},"end":{"line":42,"column":null}},"27":{"start":{"line":44,"column":6},"end":{"line":85,"column":null}},"28":{"start":{"line":45,"column":29},"end":{"line":45,"column":41}},"29":{"start":{"line":46,"column":25},"end":{"line":46,"column":38}},"30":{"start":{"line":47,"column":28},"end":{"line":47,"column":null}},"31":{"start":{"line":48,"column":24},"end":{"line":48,"column":null}},"32":{"start":{"line":49,"column":8},"end":{"line":84,"column":null}},"33":{"start":{"line":50,"column":10},"end":{"line":52,"column":null}},"34":{"start":{"line":51,"column":12},"end":{"line":51,"column":null}},"35":{"start":{"line":53,"column":15},"end":{"line":84,"column":null}},"36":{"start":{"line":54,"column":10},"end":{"line":69,"column":null}},"37":{"start":{"line":55,"column":12},"end":{"line":55,"column":null}},"38":{"start":{"line":57,"column":12},"end":{"line":68,"column":null}},"39":{"start":{"line":58,"column":14},"end":{"line":58,"column":null}},"40":{"start":{"line":60,"column":14},"end":{"line":67,"column":null}},"41":{"start":{"line":61,"column":16},"end":{"line":65,"column":null}},"42":{"start":{"line":70,"column":15},"end":{"line":84,"column":null}},"43":{"start":{"line":71,"column":10},"end":{"line":83,"column":null}},"44":{"start":{"line":75,"column":12},"end":{"line":75,"column":null}},"45":{"start":{"line":77,"column":12},"end":{"line":82,"column":null}},"46":{"start":{"line":79,"column":16},"end":{"line":80,"column":69}},"47":{"start":{"line":81,"column":14},"end":{"line":81,"column":null}},"48":{"start":{"line":87,"column":9},"end":{"line":101,"column":null}},"49":{"start":{"line":88,"column":4},"end":{"line":98,"column":null}},"50":{"start":{"line":89,"column":6},"end":{"line":89,"column":null}},"51":{"start":{"line":91,"column":6},"end":{"line":97,"column":null}},"52":{"start":{"line":92,"column":8},"end":{"line":92,"column":null}},"53":{"start":{"line":94,"column":8},"end":{"line":96,"column":null}},"54":{"start":{"line":95,"column":10},"end":{"line":95,"column":null}},"55":{"start":{"line":100,"column":4},"end":{"line":100,"column":null}},"56":{"start":{"line":105,"column":2},"end":{"line":107,"column":null}},"57":{"start":{"line":111,"column":2},"end":{"line":113,"column":null}},"58":{"start":{"line":112,"column":4},"end":{"line":112,"column":null}},"59":{"start":{"line":117,"column":2},"end":{"line":117,"column":null}}},"fnMap":{"0":{"name":"diffData","decl":{"start":{"line":3,"column":16},"end":{"line":3,"column":25}},"loc":{"start":{"line":3,"column":52},"end":{"line":8,"column":null}}},"1":{"name":"syncKeys","decl":{"start":{"line":10,"column":9},"end":{"line":10,"column":18}},"loc":{"start":{"line":10,"column":45},"end":{"line":30,"column":null}}},"2":{"name":"(anonymous_3)","decl":{"start":{"line":25,"column":23},"end":{"line":25,"column":24}},"loc":{"start":{"line":25,"column":35},"end":{"line":27,"column":null}}},"3":{"name":"_diff","decl":{"start":{"line":32,"column":9},"end":{"line":32,"column":15}},"loc":{"start":{"line":32,"column":69},"end":{"line":102,"column":null}}},"4":{"name":"(anonymous_5)","decl":{"start":{"line":60,"column":35},"end":{"line":60,"column":36}},"loc":{"start":{"line":60,"column":47},"end":{"line":67,"column":null}}},"5":{"name":"(anonymous_6)","decl":{"start":{"line":94,"column":24},"end":{"line":94,"column":25}},"loc":{"start":{"line":94,"column":36},"end":{"line":96,"column":null}}},"6":{"name":"concatPathAndKey","decl":{"start":{"line":104,"column":9},"end":{"line":104,"column":26}},"loc":{"start":{"line":104,"column":51},"end":{"line":108,"column":null}}},"7":{"name":"setResult","decl":{"start":{"line":110,"column":9},"end":{"line":110,"column":19}},"loc":{"start":{"line":110,"column":49},"end":{"line":114,"column":null}}},"8":{"name":"getType","decl":{"start":{"line":116,"column":9},"end":{"line":116,"column":17}},"loc":{"start":{"line":116,"column":28},"end":{"line":118,"column":null}}}},"branchMap":{"0":{"loc":{"start":{"line":11,"column":2},"end":{"line":11,"column":null}},"type":"if","locations":[{"start":{"line":11,"column":2},"end":{"line":11,"column":null}}]},"1":{"loc":{"start":{"line":14,"column":2},"end":{"line":29,"column":null}},"type":"if","locations":[{"start":{"line":14,"column":2},"end":{"line":29,"column":null}},{"start":{"line":23,"column":9},"end":{"line":29,"column":null}}]},"2":{"loc":{"start":{"line":14,"column":6},"end":{"line":14,"column":60}},"type":"binary-expr","locations":[{"start":{"line":14,"column":6},"end":{"line":14,"column":33}},{"start":{"line":14,"column":37},"end":{"line":14,"column":60}}]},"3":{"loc":{"start":{"line":17,"column":6},"end":{"line":21,"column":null}},"type":"if","locations":[{"start":{"line":17,"column":6},"end":{"line":21,"column":null}},{"start":{"line":19,"column":13},"end":{"line":21,"column":null}}]},"4":{"loc":{"start":{"line":23,"column":9},"end":{"line":29,"column":null}},"type":"if","locations":[{"start":{"line":23,"column":9},"end":{"line":29,"column":null}}]},"5":{"loc":{"start":{"line":23,"column":13},"end":{"line":23,"column":67}},"type":"binary-expr","locations":[{"start":{"line":23,"column":13},"end":{"line":23,"column":40}},{"start":{"line":23,"column":44},"end":{"line":23,"column":67}}]},"6":{"loc":{"start":{"line":24,"column":4},"end":{"line":28,"column":null}},"type":"if","locations":[{"start":{"line":24,"column":4},"end":{"line":28,"column":null}}]},"7":{"loc":{"start":{"line":33,"column":2},"end":{"line":33,"column":null}},"type":"if","locations":[{"start":{"line":33,"column":2},"end":{"line":33,"column":null}}]},"8":{"loc":{"start":{"line":36,"column":2},"end":{"line":101,"column":null}},"type":"if","locations":[{"start":{"line":36,"column":2},"end":{"line":101,"column":null}},{"start":{"line":87,"column":9},"end":{"line":101,"column":null}}]},"9":{"loc":{"start":{"line":37,"column":4},"end":{"line":86,"column":null}},"type":"if","locations":[{"start":{"line":37,"column":4},"end":{"line":86,"column":null}},{"start":{"line":43,"column":11},"end":{"line":86,"column":null}}]},"10":{"loc":{"start":{"line":38,"column":6},"end":{"line":40,"column":null}},"type":"binary-expr","locations":[{"start":{"line":38,"column":6},"end":{"line":38,"column":29}},{"start":{"line":39,"column":7},"end":{"line":39,"column":65}},{"start":{"line":40,"column":8},"end":{"line":40,"column":null}}]},"11":{"loc":{"start":{"line":49,"column":8},"end":{"line":84,"column":null}},"type":"if","locations":[{"start":{"line":49,"column":8},"end":{"line":84,"column":null}},{"start":{"line":53,"column":15},"end":{"line":84,"column":null}}]},"12":{"loc":{"start":{"line":49,"column":12},"end":{"line":49,"column":62}},"type":"binary-expr","locations":[{"start":{"line":49,"column":12},"end":{"line":49,"column":35}},{"start":{"line":49,"column":39},"end":{"line":49,"column":62}}]},"13":{"loc":{"start":{"line":50,"column":10},"end":{"line":52,"column":null}},"type":"if","locations":[{"start":{"line":50,"column":10},"end":{"line":52,"column":null}}]},"14":{"loc":{"start":{"line":53,"column":15},"end":{"line":84,"column":null}},"type":"if","locations":[{"start":{"line":53,"column":15},"end":{"line":84,"column":null}},{"start":{"line":70,"column":15},"end":{"line":84,"column":null}}]},"15":{"loc":{"start":{"line":54,"column":10},"end":{"line":69,"column":null}},"type":"if","locations":[{"start":{"line":54,"column":10},"end":{"line":69,"column":null}},{"start":{"line":56,"column":17},"end":{"line":69,"column":null}}]},"16":{"loc":{"start":{"line":57,"column":12},"end":{"line":68,"column":null}},"type":"if","locations":[{"start":{"line":57,"column":12},"end":{"line":68,"column":null}},{"start":{"line":59,"column":19},"end":{"line":68,"column":null}}]},"17":{"loc":{"start":{"line":70,"column":15},"end":{"line":84,"column":null}},"type":"if","locations":[{"start":{"line":70,"column":15},"end":{"line":84,"column":null}}]},"18":{"loc":{"start":{"line":71,"column":10},"end":{"line":83,"column":null}},"type":"if","locations":[{"start":{"line":71,"column":10},"end":{"line":83,"column":null}},{"start":{"line":76,"column":17},"end":{"line":83,"column":null}}]},"19":{"loc":{"start":{"line":72,"column":12},"end":{"line":73,"column":75}},"type":"binary-expr","locations":[{"start":{"line":72,"column":12},"end":{"line":72,"column":31}},{"start":{"line":73,"column":12},"end":{"line":73,"column":75}}]},"20":{"loc":{"start":{"line":80,"column":17},"end":{"line":80,"column":69}},"type":"cond-expr","locations":[{"start":{"line":80,"column":40},"end":{"line":80,"column":55}},{"start":{"line":80,"column":58},"end":{"line":80,"column":69}}]},"21":{"loc":{"start":{"line":87,"column":9},"end":{"line":101,"column":null}},"type":"if","locations":[{"start":{"line":87,"column":9},"end":{"line":101,"column":null}},{"start":{"line":99,"column":9},"end":{"line":101,"column":null}}]},"22":{"loc":{"start":{"line":88,"column":4},"end":{"line":98,"column":null}},"type":"if","locations":[{"start":{"line":88,"column":4},"end":{"line":98,"column":null}},{"start":{"line":90,"column":11},"end":{"line":98,"column":null}}]},"23":{"loc":{"start":{"line":91,"column":6},"end":{"line":97,"column":null}},"type":"if","locations":[{"start":{"line":91,"column":6},"end":{"line":97,"column":null}},{"start":{"line":93,"column":13},"end":{"line":97,"column":null}}]},"24":{"loc":{"start":{"line":105,"column":9},"end":{"line":107,"column":null}},"type":"cond-expr","locations":[{"start":{"line":106,"column":6},"end":{"line":106,"column":25}},{"start":{"line":107,"column":6},"end":{"line":107,"column":null}}]},"25":{"loc":{"start":{"line":107,"column":7},"end":{"line":107,"column":34}},"type":"cond-expr","locations":[{"start":{"line":107,"column":20},"end":{"line":107,"column":25}},{"start":{"line":107,"column":25},"end":{"line":107,"column":34}}]},"26":{"loc":{"start":{"line":111,"column":2},"end":{"line":113,"column":null}},"type":"if","locations":[{"start":{"line":111,"column":2},"end":{"line":113,"column":null}}]}},"s":{"0":66,"1":7,"2":66,"3":66,"4":66,"5":66,"6":741,"7":267,"8":474,"9":474,"10":474,"11":270,"12":543,"13":543,"14":3,"15":540,"16":204,"17":165,"18":159,"19":135,"20":219,"21":0,"22":219,"23":219,"24":219,"25":144,"26":9,"27":135,"28":540,"29":540,"30":540,"31":540,"32":540,"33":273,"34":6,"35":267,"36":132,"37":3,"38":129,"39":3,"40":126,"41":3,"42":135,"43":135,"44":0,"45":135,"46":6,"47":6,"48":75,"49":36,"50":0,"51":36,"52":3,"53":33,"54":144,"55":39,"56":21,"57":63,"58":63,"59":2529},"f":{"0":66,"1":741,"2":135,"3":219,"4":3,"5":144,"6":21,"7":63,"8":2529},"b":{"0":[267],"1":[270,204],"2":[474,270],"3":[3,540],"4":[165],"5":[204,168],"6":[159],"7":[0],"8":[144,75],"9":[9,135],"10":[144,135,0],"11":[273,267],"12":[540,408],"13":[6],"14":[132,135],"15":[3,129],"16":[3,126],"17":[135],"18":[0,135],"19":[135,135],"20":[0,6],"21":[36,39],"22":[0,36],"23":[3,33],"24":[0,21],"25":[0,21],"26":[63]}}
,"/Users/lizhaokang/fork/mobx-miniprogram-lite/src/index.ts": {"path":"/Users/lizhaokang/fork/mobx-miniprogram-lite/src/index.ts","statementMap":{"0":{"start":{"line":5,"column":9},"end":{"line":5,"column":33}},"1":{"start":{"line":6,"column":9},"end":{"line":6,"column":28}},"2":{"start":{"line":19,"column":9},"end":{"line":19,"column":23}},"3":{"start":{"line":19,"column":23},"end":{"line":19,"column":50}},"4":{"start":{"line":1,"column":7},"end":{"line":1,"column":null}},"5":{"start":{"line":3,"column":26},"end":{"line":3,"column":null}},"6":{"start":{"line":5,"column":33},"end":{"line":5,"column":null}},"7":{"start":{"line":6,"column":28},"end":{"line":6,"column":null}},"8":{"start":{"line":19,"column":50},"end":{"line":19,"column":null}},"9":{"start":{"line":11,"column":0},"end":{"line":15,"column":null}}},"fnMap":{},"branchMap":{},"s":{"0":0,"1":0,"2":0,"3":0,"4":7,"5":7,"6":7,"7":7,"8":7,"9":7},"f":{},"b":{}}
,"/Users/lizhaokang/fork/mobx-miniprogram-lite/src/log.ts": {"path":"/Users/lizhaokang/fork/mobx-miniprogram-lite/src/log.ts","statementMap":{"0":{"start":{"line":72,"column":13},"end":{"line":72,"column":19}},"1":{"start":{"line":74,"column":13},"end":{"line":74,"column":25}},"2":{"start":{"line":28,"column":4},"end":{"line":30,"column":null}},"3":{"start":{"line":29,"column":6},"end":{"line":29,"column":null}},"4":{"start":{"line":31,"column":4},"end":{"line":33,"column":null}},"5":{"start":{"line":32,"column":6},"end":{"line":32,"column":null}},"6":{"start":{"line":41,"column":4},"end":{"line":44,"column":null}},"7":{"start":{"line":42,"column":25},"end":{"line":42,"column":null}},"8":{"start":{"line":43,"column":6},"end":{"line":43,"column":null}},"9":{"start":{"line":45,"column":4},"end":{"line":45,"column":null}},"10":{"start":{"line":62,"column":4},"end":{"line":62,"column":null}},"11":{"start":{"line":62,"column":24},"end":{"line":62,"column":null}},"12":{"start":{"line":63,"column":4},"end":{"line":66,"column":null}},"13":{"start":{"line":68,"column":4},"end":{"line":68,"column":null}},"14":{"start":{"line":21,"column":2},"end":{"line":21,"column":null}},"15":{"start":{"line":12,"column":2},"end":{"line":16,"column":null}},"16":{"start":{"line":72,"column":22},"end":{"line":72,"column":null}},"17":{"start":{"line":74,"column":28},"end":{"line":76,"column":null}},"18":{"start":{"line":75,"column":2},"end":{"line":75,"column":null}}},"fnMap":{"0":{"name":"(anonymous_4)","decl":{"start":{"line":27,"column":2},"end":{"line":27,"column":15}},"loc":{"start":{"line":27,"column":46},"end":{"line":34,"column":null}}},"1":{"name":"(anonymous_5)","decl":{"start":{"line":40,"column":2},"end":{"line":40,"column":24}},"loc":{"start":{"line":40,"column":24},"end":{"line":46,"column":null}}},"2":{"name":"(anonymous_6)","decl":{"start":{"line":53,"column":2},"end":{"line":53,"column":6}},"loc":{"start":{"line":61,"column":5},"end":{"line":69,"column":null}}},"3":{"name":"(anonymous_8)","decl":{"start":{"line":74,"column":28},"end":{"line":74,"column":29}},"loc":{"start":{"line":74,"column":32},"end":{"line":76,"column":null}}}},"branchMap":{"0":{"loc":{"start":{"line":28,"column":4},"end":{"line":30,"column":null}},"type":"if","locations":[{"start":{"line":28,"column":4},"end":{"line":30,"column":null}}]},"1":{"loc":{"start":{"line":31,"column":4},"end":{"line":33,"column":null}},"type":"if","locations":[{"start":{"line":31,"column":4},"end":{"line":33,"column":null}}]},"2":{"loc":{"start":{"line":41,"column":4},"end":{"line":44,"column":null}},"type":"if","locations":[{"start":{"line":41,"column":4},"end":{"line":44,"column":null}}]},"3":{"loc":{"start":{"line":55,"column":4},"end":{"line":55,"column":20}},"type":"default-arg","locations":[{"start":{"line":55,"column":12},"end":{"line":55,"column":20}}]},"4":{"loc":{"start":{"line":62,"column":4},"end":{"line":62,"column":null}},"type":"if","locations":[{"start":{"line":62,"column":4},"end":{"line":62,"column":null}}]}},"s":{"0":66,"1":0,"2":0,"3":0,"4":0,"5":0,"6":0,"7":0,"8":0,"9":0,"10":66,"11":66,"12":0,"13":0,"14":7,"15":7,"16":7,"17":7,"18":0},"f":{"0":0,"1":0,"2":66,"3":0},"b":{"0":[0],"1":[0],"2":[0],"3":[0],"4":[66]}}
,"/Users/lizhaokang/fork/mobx-miniprogram-lite/src/store-map.ts": {"path":"/Users/lizhaokang/fork/mobx-miniprogram-lite/src/store-map.ts","statementMap":{"0":{"start":{"line":32,"column":13},"end":{"line":32,"column":32}},"1":{"start":{"line":6,"column":44},"end":{"line":6,"column":null}},"2":{"start":{"line":7,"column":51},"end":{"line":7,"column":null}},"3":{"start":{"line":8,"column":25},"end":{"line":8,"column":null}},"4":{"start":{"line":9,"column":23},"end":{"line":9,"column":null}},"5":{"start":{"line":32,"column":32},"end":{"line":62,"column":null}},"6":{"start":{"line":35,"column":31},"end":{"line":35,"column":33}},"7":{"start":{"line":36,"column":33},"end":{"line":36,"column":35}},"8":{"start":{"line":43,"column":2},"end":{"line":61,"column":null}},"9":{"start":{"line":44,"column":4},"end":{"line":50,"column":null}},"10":{"start":{"line":46,"column":6},"end":{"line":47,"column":null}},"11":{"start":{"line":49,"column":6},"end":{"line":49,"column":null}},"12":{"start":{"line":51,"column":4},"end":{"line":55,"column":null}},"13":{"start":{"line":51,"column":17},"end":{"line":51,"column":20}},"14":{"start":{"line":52,"column":6},"end":{"line":54,"column":null}},"15":{"start":{"line":53,"column":8},"end":{"line":53,"column":null}},"16":{"start":{"line":56,"column":4},"end":{"line":56,"column":null}},"17":{"start":{"line":57,"column":15},"end":{"line":57,"column":null}},"18":{"start":{"line":58,"column":22},"end":{"line":58,"column":null}},"19":{"start":{"line":59,"column":4},"end":{"line":59,"column":null}},"20":{"start":{"line":60,"column":4},"end":{"line":60,"column":null}},"21":{"start":{"line":134,"column":29},"end":{"line":134,"column":null}},"22":{"start":{"line":136,"column":43},"end":{"line":136,"column":45}},"23":{"start":{"line":144,"column":4},"end":{"line":178,"column":null}},"24":{"start":{"line":145,"column":23},"end":{"line":174,"column":null}},"25":{"start":{"line":149,"column":27},"end":{"line":149,"column":null}},"26":{"start":{"line":151,"column":10},"end":{"line":151,"column":null}},"27":{"start":{"line":153,"column":10},"end":{"line":153,"column":null}},"28":{"start":{"line":156,"column":24},"end":{"line":156,"column":null}},"29":{"start":{"line":157,"column":23},"end":{"line":164,"column":null}},"30":{"start":{"line":160,"column":26},"end":{"line":160,"column":null}},"31":{"start":{"line":161,"column":14},"end":{"line":161,"column":null}},"32":{"start":{"line":162,"column":14},"end":{"line":162,"column":null}},"33":{"start":{"line":167,"column":10},"end":{"line":171,"column":null}},"34":{"start":{"line":173,"column":10},"end":{"line":173,"column":null}},"35":{"start":{"line":173,"column":47},"end":{"line":173,"column":null}},"36":{"start":{"line":177,"column":6},"end":{"line":177,"column":null}},"37":{"start":{"line":180,"column":4},"end":{"line":182,"column":null}},"38":{"start":{"line":181,"column":6},"end":{"line":181,"column":null}},"39":{"start":{"line":181,"column":32},"end":{"line":181,"column":null}},"40":{"start":{"line":189,"column":4},"end":{"line":189,"column":null}},"41":{"start":{"line":196,"column":4},"end":{"line":196,"column":null}},"42":{"start":{"line":197,"column":4},"end":{"line":197,"column":null}},"43":{"start":{"line":81,"column":2},"end":{"line":81,"column":null}},"44":{"start":{"line":86,"column":2},"end":{"line":86,"column":null}},"45":{"start":{"line":91,"column":2},"end":{"line":91,"column":null}},"46":{"start":{"line":96,"column":2},"end":{"line":96,"column":null}},"47":{"start":{"line":101,"column":2},"end":{"line":101,"column":null}},"48":{"start":{"line":107,"column":2},"end":{"line":113,"column":null}},"49":{"start":{"line":108,"column":4},"end":{"line":108,"column":null}},"50":{"start":{"line":110,"column":4},"end":{"line":112,"column":null}},"51":{"start":{"line":111,"column":6},"end":{"line":111,"column":null}},"52":{"start":{"line":119,"column":2},"end":{"line":125,"column":null}},"53":{"start":{"line":120,"column":4},"end":{"line":120,"column":null}},"54":{"start":{"line":120,"column":50},"end":{"line":120,"column":null}},"55":{"start":{"line":122,"column":4},"end":{"line":124,"column":null}},"56":{"start":{"line":123,"column":6},"end":{"line":123,"column":null}},"57":{"start":{"line":73,"column":4},"end":{"line":73,"column":null}},"58":{"start":{"line":74,"column":4},"end":{"line":74,"column":null}},"59":{"start":{"line":75,"column":4},"end":{"line":75,"column":null}}},"fnMap":{"0":{"name":"(anonymous_2)","decl":{"start":{"line":32,"column":33},"end":{"line":32,"column":null}},"loc":{"start":{"line":32,"column":33},"end":{"line":62,"column":null}}},"1":{"name":"(anonymous_3)","decl":{"start":{"line":43,"column":9},"end":{"line":43,"column":10}},"loc":{"start":{"line":43,"column":10},"end":{"line":61,"column":null}}},"2":{"name":"(anonymous_4)","decl":{"start":{"line":132,"column":2},"end":{"line":132,"column":17}},"loc":{"start":{"line":132,"column":31},"end":{"line":183,"column":null}}},"3":{"name":"(anonymous_5)","decl":{"start":{"line":144,"column":29},"end":{"line":144,"column":30}},"loc":{"start":{"line":144,"column":30},"end":{"line":178,"column":null}}},"4":{"name":"(anonymous_6)","decl":{"start":{"line":146,"column":8},"end":{"line":146,"column":null}},"loc":{"start":{"line":146,"column":8},"end":{"line":154,"column":null}}},"5":{"name":"(anonymous_7)","decl":{"start":{"line":155,"column":8},"end":{"line":155,"column":9}},"loc":{"start":{"line":155,"column":19},"end":{"line":174,"column":null}}},"6":{"name":"(anonymous_8)","decl":{"start":{"line":158,"column":12},"end":{"line":158,"column":13}},"loc":{"start":{"line":158,"column":32},"end":{"line":163,"column":null}}},"7":{"name":"(anonymous_9)","decl":{"start":{"line":173,"column":33},"end":{"line":173,"column":34}},"loc":{"start":{"line":173,"column":47},"end":{"line":173,"column":null}}},"8":{"name":"(anonymous_10)","decl":{"start":{"line":180,"column":11},"end":{"line":180,"column":null}},"loc":{"start":{"line":180,"column":11},"end":{"line":182,"column":null}}},"9":{"name":"(anonymous_11)","decl":{"start":{"line":181,"column":24},"end":{"line":181,"column":25}},"loc":{"start":{"line":181,"column":32},"end":{"line":181,"column":null}}},"10":{"name":"(anonymous_12)","decl":{"start":{"line":188,"column":2},"end":{"line":188,"column":11}},"loc":{"start":{"line":188,"column":11},"end":{"line":190,"column":null}}},"11":{"name":"(anonymous_13)","decl":{"start":{"line":195,"column":2},"end":{"line":195,"column":13}},"loc":{"start":{"line":195,"column":13},"end":{"line":198,"column":null}}},"12":{"name":"(anonymous_14)","decl":{"start":{"line":72,"column":2},"end":{"line":72,"column":14}},"loc":{"start":{"line":72,"column":51},"end":{"line":76,"column":null}}},"13":{"name":"(anonymous_15)","decl":{"start":{"line":107,"column":17},"end":{"line":107,"column":18}},"loc":{"start":{"line":107,"column":18},"end":{"line":113,"column":null}}},"14":{"name":"(anonymous_16)","decl":{"start":{"line":119,"column":19},"end":{"line":119,"column":20}},"loc":{"start":{"line":119,"column":20},"end":{"line":125,"column":null}}},"15":{"name":"(anonymous_17)","decl":{"start":{"line":120,"column":43},"end":{"line":120,"column":44}},"loc":{"start":{"line":120,"column":50},"end":{"line":120,"column":null}}}},"branchMap":{"0":{"loc":{"start":{"line":44,"column":4},"end":{"line":50,"column":null}},"type":"if","locations":[{"start":{"line":44,"column":4},"end":{"line":50,"column":null}}]},"1":{"loc":{"start":{"line":52,"column":6},"end":{"line":54,"column":null}},"type":"if","locations":[{"start":{"line":52,"column":6},"end":{"line":54,"column":null}}]},"2":{"loc":{"start":{"line":160,"column":26},"end":{"line":160,"column":null}},"type":"cond-expr","locations":[{"start":{"line":160,"column":58},"end":{"line":160,"column":63}},{"start":{"line":160,"column":63},"end":{"line":160,"column":null}}]},"3":{"loc":{"start":{"line":160,"column":26},"end":{"line":160,"column":58}},"type":"binary-expr","locations":[{"start":{"line":160,"column":26},"end":{"line":160,"column":50}},{"start":{"line":160,"column":50},"end":{"line":160,"column":58}}]},"4":{"loc":{"start":{"line":110,"column":4},"end":{"line":112,"column":null}},"type":"if","locations":[{"start":{"line":110,"column":4},"end":{"line":112,"column":null}}]},"5":{"loc":{"start":{"line":110,"column":8},"end":{"line":110,"column":45}},"type":"binary-expr","locations":[{"start":{"line":110,"column":8},"end":{"line":110,"column":33}},{"start":{"line":110,"column":33},"end":{"line":110,"column":45}}]},"6":{"loc":{"start":{"line":122,"column":4},"end":{"line":124,"column":null}},"type":"if","locations":[{"start":{"line":122,"column":4},"end":{"line":124,"column":null}}]}},"s":{"0":81,"1":7,"2":7,"3":7,"4":7,"5":7,"6":7,"7":7,"8":7,"9":81,"10":0,"11":0,"12":81,"13":81,"14":74,"15":74,"16":7,"17":7,"18":7,"19":7,"20":7,"21":20,"22":20,"23":20,"24":46,"25":112,"26":112,"27":112,"28":66,"29":66,"30":63,"31":63,"32":63,"33":66,"34":66,"35":182,"36":46,"37":20,"38":17,"39":40,"40":20,"41":17,"42":17,"43":7,"44":7,"45":7,"46":7,"47":7,"48":7,"49":45,"50":45,"51":13,"52":7,"53":36,"54":69,"55":36,"56":17,"57":7,"58":7,"59":7},"f":{"0":7,"1":81,"2":20,"3":46,"4":112,"5":66,"6":63,"7":182,"8":17,"9":40,"10":20,"11":17,"12":7,"13":45,"14":36,"15":69},"b":{"0":[0],"1":[74],"2":[63,0],"3":[63,33],"4":[13],"5":[45,45],"6":[17]}}
,"/Users/lizhaokang/fork/mobx-miniprogram-lite/src/traverse.ts": {"path":"/Users/lizhaokang/fork/mobx-miniprogram-lite/src/traverse.ts","statementMap":{"0":{"start":{"line":5,"column":16},"end":{"line":5,"column":29}},"1":{"start":{"line":43,"column":16},"end":{"line":43,"column":35}},"2":{"start":{"line":1,"column":34},"end":{"line":1,"column":null}},"3":{"start":{"line":2,"column":46},"end":{"line":2,"column":null}},"4":{"start":{"line":3,"column":34},"end":{"line":3,"column":null}},"5":{"start":{"line":7,"column":2},"end":{"line":7,"column":null}},"6":{"start":{"line":7,"column":14},"end":{"line":7,"column":null}},"7":{"start":{"line":9,"column":2},"end":{"line":14,"column":null}},"8":{"start":{"line":14,"column":4},"end":{"line":14,"column":null}},"9":{"start":{"line":16,"column":15},"end":{"line":16,"column":null}},"10":{"start":{"line":19,"column":2},"end":{"line":19,"column":null}},"11":{"start":{"line":19,"column":54},"end":{"line":19,"column":null}},"12":{"start":{"line":23,"column":2},"end":{"line":29,"column":null}},"13":{"start":{"line":24,"column":16},"end":{"line":24,"column":18}},"14":{"start":{"line":25,"column":4},"end":{"line":27,"column":null}},"15":{"start":{"line":25,"column":17},"end":{"line":25,"column":20}},"16":{"start":{"line":26,"column":6},"end":{"line":26,"column":null}},"17":{"start":{"line":28,"column":4},"end":{"line":28,"column":null}},"18":{"start":{"line":31,"column":2},"end":{"line":31,"column":null}},"19":{"start":{"line":31,"column":24},"end":{"line":31,"column":null}},"20":{"start":{"line":32,"column":35},"end":{"line":32,"column":null}},"21":{"start":{"line":35,"column":2},"end":{"line":37,"column":null}},"22":{"start":{"line":36,"column":4},"end":{"line":36,"column":null}},"23":{"start":{"line":39,"column":2},"end":{"line":39,"column":null}},"24":{"start":{"line":45,"column":32},"end":{"line":45,"column":34}},"25":{"start":{"line":48,"column":29},"end":{"line":48,"column":31}},"26":{"start":{"line":51,"column":33},"end":{"line":51,"column":35}},"27":{"start":{"line":53,"column":25},"end":{"line":53,"column":null}},"28":{"start":{"line":55,"column":2},"end":{"line":63,"column":null}},"29":{"start":{"line":56,"column":4},"end":{"line":62,"column":null}},"30":{"start":{"line":57,"column":6},"end":{"line":57,"column":null}},"31":{"start":{"line":58,"column":11},"end":{"line":62,"column":null}},"32":{"start":{"line":59,"column":6},"end":{"line":59,"column":null}},"33":{"start":{"line":61,"column":6},"end":{"line":61,"column":null}},"34":{"start":{"line":65,"column":2},"end":{"line":65,"column":null}}},"fnMap":{"0":{"name":"traverseModel","decl":{"start":{"line":5,"column":16},"end":{"line":5,"column":29}},"loc":{"start":{"line":5,"column":41},"end":{"line":40,"column":null}}},"1":{"name":"(anonymous_4)","decl":{"start":{"line":35,"column":37},"end":{"line":35,"column":38}},"loc":{"start":{"line":35,"column":38},"end":{"line":37,"column":null}}},"2":{"name":"getSerializableKeys","decl":{"start":{"line":43,"column":16},"end":{"line":43,"column":35}},"loc":{"start":{"line":43,"column":62},"end":{"line":66,"column":null}}}},"branchMap":{"0":{"loc":{"start":{"line":7,"column":2},"end":{"line":7,"column":null}},"type":"if","locations":[{"start":{"line":7,"column":2},"end":{"line":7,"column":null}}]},"1":{"loc":{"start":{"line":9,"column":2},"end":{"line":14,"column":null}},"type":"if","locations":[{"start":{"line":9,"column":2},"end":{"line":14,"column":null}}]},"2":{"loc":{"start":{"line":10,"column":4},"end":{"line":12,"column":null}},"type":"binary-expr","locations":[{"start":{"line":10,"column":4},"end":{"line":10,"column":null}},{"start":{"line":11,"column":4},"end":{"line":11,"column":null}},{"start":{"line":12,"column":4},"end":{"line":12,"column":null}}]},"3":{"loc":{"start":{"line":19,"column":2},"end":{"line":19,"column":null}},"type":"if","locations":[{"start":{"line":19,"column":2},"end":{"line":19,"column":null}}]},"4":{"loc":{"start":{"line":23,"column":2},"end":{"line":29,"column":null}},"type":"if","locations":[{"start":{"line":23,"column":2},"end":{"line":29,"column":null}}]},"5":{"loc":{"start":{"line":23,"column":6},"end":{"line":23,"column":56}},"type":"binary-expr","locations":[{"start":{"line":23,"column":6},"end":{"line":23,"column":30}},{"start":{"line":23,"column":30},"end":{"line":23,"column":56}}]},"6":{"loc":{"start":{"line":31,"column":2},"end":{"line":31,"column":null}},"type":"if","locations":[{"start":{"line":31,"column":2},"end":{"line":31,"column":null}}]},"7":{"loc":{"start":{"line":56,"column":4},"end":{"line":62,"column":null}},"type":"if","locations":[{"start":{"line":56,"column":4},"end":{"line":62,"column":null}},{"start":{"line":58,"column":11},"end":{"line":62,"column":null}}]},"8":{"loc":{"start":{"line":58,"column":11},"end":{"line":62,"column":null}},"type":"if","locations":[{"start":{"line":58,"column":11},"end":{"line":62,"column":null}},{"start":{"line":60,"column":11},"end":{"line":62,"column":null}}]}},"s":{"0":112,"1":20,"2":7,"3":7,"4":7,"5":1166,"6":122,"7":1044,"8":368,"9":676,"10":676,"11":0,"12":676,"13":258,"14":258,"15":258,"16":215,"17":258,"18":418,"19":0,"20":418,"21":418,"22":839,"23":418,"24":438,"25":438,"26":438,"27":438,"28":438,"29":1045,"30":160,"31":885,"32":885,"33":0,"34":438},"f":{"0":1166,"1":839,"2":438},"b":{"0":[122],"1":[368],"2":[1044,823,728],"3":[0],"4":[258],"5":[676,676],"6":[0],"7":[160,885],"8":[885,0]}}
,"/Users/lizhaokang/fork/mobx-miniprogram-lite/src/utils.ts": {"path":"/Users/lizhaokang/fork/mobx-miniprogram-lite/src/utils.ts","statementMap":{"0":{"start":{"line":7,"column":13},"end":{"line":7,"column":20}},"1":{"start":{"line":15,"column":16},"end":{"line":15,"column":24}},"2":{"start":{"line":7,"column":23},"end":{"line":7,"column":null}},"3":{"start":{"line":7,"column":41},"end":{"line":7,"column":null}},"4":{"start":{"line":16,"column":2},"end":{"line":16,"column":null}}},"fnMap":{"0":{"name":"(anonymous_3)","decl":{"start":{"line":7,"column":23},"end":{"line":7,"column":24}},"loc":{"start":{"line":7,"column":41},"end":{"line":7,"column":null}}},"1":{"name":"isObject","decl":{"start":{"line":15,"column":16},"end":{"line":15,"column":24}},"loc":{"start":{"line":15,"column":38},"end":{"line":17,"column":null}}}},"branchMap":{"0":{"loc":{"start":{"line":16,"column":17},"end":{"line":16,"column":null}},"type":"binary-expr","locations":[{"start":{"line":16,"column":17},"end":{"line":16,"column":25}},{"start":{"line":16,"column":25},"end":{"line":16,"column":null}}]}},"s":{"0":676,"1":418,"2":7,"3":676,"4":418},"f":{"0":676,"1":418},"b":{"0":[418,418]}}
,"/Users/lizhaokang/fork/mobx-miniprogram-lite/src/view-manager.ts": {"path":"/Users/lizhaokang/fork/mobx-miniprogram-lite/src/view-manager.ts","statementMap":{"0":{"start":{"line":41,"column":13},"end":{"line":41,"column":25}},"1":{"start":{"line":46,"column":0},"end":{"line":46,"column":15}},"2":{"start":{"line":22,"column":2},"end":{"line":22,"column":null}},"3":{"start":{"line":32,"column":29},"end":{"line":32,"column":null}},"4":{"start":{"line":33,"column":2},"end":{"line":33,"column":null}},"5":{"start":{"line":34,"column":2},"end":{"line":34,"column":null}},"6":{"start":{"line":41,"column":28},"end":{"line":44,"column":null}},"7":{"start":{"line":42,"column":11},"end":{"line":42,"column":null}},"8":{"start":{"line":43,"column":2},"end":{"line":43,"column":null}},"9":{"start":{"line":43,"column":15},"end":{"line":43,"column":null}},"10":{"start":{"line":46,"column":15},"end":{"line":50,"column":1}}},"fnMap":{"0":{"name":"createViewInstanceMap","decl":{"start":{"line":21,"column":9},"end":{"line":21,"column":null}},"loc":{"start":{"line":21,"column":9},"end":{"line":23,"column":null}}},"1":{"name":"createViewInstance","decl":{"start":{"line":31,"column":9},"end":{"line":31,"column":28}},"loc":{"start":{"line":31,"column":64},"end":{"line":35,"column":null}}},"2":{"name":"(anonymous_5)","decl":{"start":{"line":41,"column":29},"end":{"line":41,"column":null}},"loc":{"start":{"line":41,"column":29},"end":{"line":44,"column":null}}},"3":{"name":"(anonymous_6)","decl":{"start":{"line":43,"column":9},"end":{"line":43,"column":15}},"loc":{"start":{"line":43,"column":15},"end":{"line":43,"column":null}}}},"branchMap":{},"s":{"0":0,"1":101,"2":11,"3":45,"4":45,"5":45,"6":7,"7":7,"8":7,"9":45,"10":7},"f":{"0":11,"1":45,"2":7,"3":45},"b":{}}
}
