{"/Users/lizhaokang/fork/mobx-miniprogram-lite/src/connect-component.ts": {"path":"/Users/lizhaokang/fork/mobx-miniprogram-lite/src/connect-component.ts","statementMap":{"0":{"start":{"line":3,"column":13},"end":{"line":3,"column":32}},"1":{"start":{"line":1,"column":44},"end":{"line":1,"column":null}},"2":{"start":{"line":3,"column":32},"end":{"line":97,"column":null}},"3":{"start":{"line":27,"column":20},"end":{"line":27,"column":null}},"4":{"start":{"line":28,"column":20},"end":{"line":28,"column":null}},"5":{"start":{"line":29,"column":19},"end":{"line":29,"column":null}},"6":{"start":{"line":31,"column":16},"end":{"line":31,"column":29}},"7":{"start":{"line":33,"column":53},"end":{"line":33,"column":null}},"8":{"start":{"line":36,"column":26},"end":{"line":54,"column":null}},"9":{"start":{"line":37,"column":44},"end":{"line":37,"column":null}},"10":{"start":{"line":38,"column":4},"end":{"line":49,"column":null}},"11":{"start":{"line":40,"column":25},"end":{"line":40,"column":null}},"12":{"start":{"line":41,"column":40},"end":{"line":45,"column":null}},"13":{"start":{"line":42,"column":10},"end":{"line":44,"column":null}},"14":{"start":{"line":43,"column":12},"end":{"line":43,"column":null}},"15":{"start":{"line":46,"column":8},"end":{"line":46,"column":null}},"16":{"start":{"line":47,"column":8},"end":{"line":47,"column":null}},"17":{"start":{"line":48,"column":8},"end":{"line":48,"column":null}},"18":{"start":{"line":48,"column":28},"end":{"line":48,"column":null}},"19":{"start":{"line":51,"column":4},"end":{"line":53,"column":null}},"20":{"start":{"line":58,"column":4},"end":{"line":58,"column":null}},"21":{"start":{"line":59,"column":4},"end":{"line":59,"column":null}},"22":{"start":{"line":64,"column":4},"end":{"line":67,"column":null}},"23":{"start":{"line":66,"column":8},"end":{"line":66,"column":null}},"24":{"start":{"line":69,"column":4},"end":{"line":69,"column":null}},"25":{"start":{"line":74,"column":4},"end":{"line":74,"column":null}},"26":{"start":{"line":75,"column":4},"end":{"line":75,"column":null}},"27":{"start":{"line":78,"column":2},"end":{"line":83,"column":null}},"28":{"start":{"line":88,"column":2},"end":{"line":88,"column":null}},"29":{"start":{"line":90,"column":2},"end":{"line":96,"column":null}}},"fnMap":{"0":{"name":"(anonymous_1)","decl":{"start":{"line":3,"column":32},"end":{"line":3,"column":null}},"loc":{"start":{"line":11,"column":2},"end":{"line":97,"column":null}}},"1":{"name":"(anonymous_2)","decl":{"start":{"line":36,"column":26},"end":{"line":36,"column":null}},"loc":{"start":{"line":36,"column":26},"end":{"line":54,"column":null}}},"2":{"name":"(anonymous_3)","decl":{"start":{"line":39,"column":6},"end":{"line":39,"column":7}},"loc":{"start":{"line":39,"column":36},"end":{"line":49,"column":null}}},"3":{"name":"(anonymous_4)","decl":{"start":{"line":41,"column":41},"end":{"line":41,"column":42}},"loc":{"start":{"line":41,"column":42},"end":{"line":45,"column":11}}},"4":{"name":"(anonymous_5)","decl":{"start":{"line":42,"column":22},"end":{"line":42,"column":null}},"loc":{"start":{"line":42,"column":22},"end":{"line":44,"column":null}}},"5":{"name":"attached","decl":{"start":{"line":57,"column":11},"end":{"line":57,"column":null}},"loc":{"start":{"line":57,"column":11},"end":{"line":60,"column":null}}},"6":{"name":"detached","decl":{"start":{"line":63,"column":11},"end":{"line":63,"column":null}},"loc":{"start":{"line":63,"column":11},"end":{"line":70,"column":null}}},"7":{"name":"(anonymous_8)","decl":{"start":{"line":65,"column":6},"end":{"line":65,"column":7}},"loc":{"start":{"line":65,"column":21},"end":{"line":67,"column":null}}},"8":{"name":"created","decl":{"start":{"line":73,"column":11},"end":{"line":73,"column":null}},"loc":{"start":{"line":73,"column":11},"end":{"line":76,"column":null}}}},"branchMap":{"0":{"loc":{"start":{"line":48,"column":8},"end":{"line":48,"column":null}},"type":"if","locations":[{"start":{"line":48,"column":8},"end":{"line":48,"column":null}}]}},"s":{"0":3,"1":3,"2":3,"3":3,"4":3,"5":3,"6":3,"7":3,"8":3,"9":9,"10":9,"11":9,"12":9,"13":9,"14":9,"15":9,"16":9,"17":9,"18":9,"19":9,"20":9,"21":9,"22":9,"23":9,"24":9,"25":9,"26":9,"27":3,"28":3,"29":3},"f":{"0":3,"1":9,"2":9,"3":9,"4":9,"5":9,"6":9,"7":9,"8":9},"b":{"0":[9]}}
,"/Users/lizhaokang/fork/mobx-miniprogram-lite/src/connect-page.ts": {"path":"/Users/lizhaokang/fork/mobx-miniprogram-lite/src/connect-page.ts","statementMap":{"0":{"start":{"line":3,"column":13},"end":{"line":3,"column":27}},"1":{"start":{"line":1,"column":44},"end":{"line":1,"column":null}},"2":{"start":{"line":3,"column":27},"end":{"line":70,"column":null}},"3":{"start":{"line":13,"column":18},"end":{"line":13,"column":32}},"4":{"start":{"line":14,"column":20},"end":{"line":14,"column":36}},"5":{"start":{"line":16,"column":16},"end":{"line":16,"column":29}},"6":{"start":{"line":18,"column":53},"end":{"line":18,"column":null}},"7":{"start":{"line":21,"column":24},"end":{"line":37,"column":null}},"8":{"start":{"line":22,"column":44},"end":{"line":22,"column":null}},"9":{"start":{"line":23,"column":4},"end":{"line":33,"column":null}},"10":{"start":{"line":24,"column":23},"end":{"line":24,"column":null}},"11":{"start":{"line":25,"column":38},"end":{"line":29,"column":null}},"12":{"start":{"line":26,"column":8},"end":{"line":28,"column":null}},"13":{"start":{"line":27,"column":10},"end":{"line":27,"column":null}},"14":{"start":{"line":30,"column":6},"end":{"line":30,"column":null}},"15":{"start":{"line":31,"column":6},"end":{"line":31,"column":null}},"16":{"start":{"line":32,"column":6},"end":{"line":32,"column":null}},"17":{"start":{"line":32,"column":26},"end":{"line":32,"column":null}},"18":{"start":{"line":34,"column":4},"end":{"line":36,"column":null}},"19":{"start":{"line":41,"column":4},"end":{"line":41,"column":null}},"20":{"start":{"line":42,"column":4},"end":{"line":42,"column":null}},"21":{"start":{"line":43,"column":4},"end":{"line":43,"column":null}},"22":{"start":{"line":48,"column":4},"end":{"line":51,"column":null}},"23":{"start":{"line":50,"column":8},"end":{"line":50,"column":null}},"24":{"start":{"line":53,"column":4},"end":{"line":53,"column":null}},"25":{"start":{"line":59,"column":2},"end":{"line":59,"column":null}},"26":{"start":{"line":61,"column":2},"end":{"line":69,"column":null}}},"fnMap":{"0":{"name":"(anonymous_1)","decl":{"start":{"line":3,"column":27},"end":{"line":3,"column":null}},"loc":{"start":{"line":9,"column":2},"end":{"line":70,"column":null}}},"1":{"name":"(anonymous_2)","decl":{"start":{"line":21,"column":24},"end":{"line":21,"column":null}},"loc":{"start":{"line":21,"column":24},"end":{"line":37,"column":null}}},"2":{"name":"(anonymous_3)","decl":{"start":{"line":23,"column":34},"end":{"line":23,"column":35}},"loc":{"start":{"line":23,"column":64},"end":{"line":33,"column":null}}},"3":{"name":"(anonymous_4)","decl":{"start":{"line":25,"column":39},"end":{"line":25,"column":40}},"loc":{"start":{"line":25,"column":40},"end":{"line":29,"column":9}}},"4":{"name":"(anonymous_5)","decl":{"start":{"line":26,"column":20},"end":{"line":26,"column":null}},"loc":{"start":{"line":26,"column":20},"end":{"line":28,"column":null}}},"5":{"name":"onLoad","decl":{"start":{"line":40,"column":11},"end":{"line":40,"column":34}},"loc":{"start":{"line":40,"column":48},"end":{"line":44,"column":null}}},"6":{"name":"onUnload","decl":{"start":{"line":47,"column":11},"end":{"line":47,"column":36}},"loc":{"start":{"line":47,"column":50},"end":{"line":54,"column":null}}},"7":{"name":"(anonymous_8)","decl":{"start":{"line":49,"column":6},"end":{"line":49,"column":7}},"loc":{"start":{"line":49,"column":21},"end":{"line":51,"column":null}}}},"branchMap":{"0":{"loc":{"start":{"line":32,"column":6},"end":{"line":32,"column":null}},"type":"if","locations":[{"start":{"line":32,"column":6},"end":{"line":32,"column":null}}]}},"s":{"0":1,"1":3,"2":3,"3":1,"4":1,"5":1,"6":1,"7":1,"8":1,"9":1,"10":1,"11":1,"12":1,"13":1,"14":1,"15":1,"16":1,"17":1,"18":1,"19":1,"20":1,"21":1,"22":1,"23":1,"24":1,"25":1,"26":1},"f":{"0":1,"1":1,"2":1,"3":1,"4":1,"5":1,"6":1,"7":1},"b":{"0":[1]}}
,"/Users/lizhaokang/fork/mobx-miniprogram-lite/src/const.ts": {"path":"/Users/lizhaokang/fork/mobx-miniprogram-lite/src/const.ts","statementMap":{"0":{"start":{"line":1,"column":13},"end":{"line":1,"column":21}},"1":{"start":{"line":2,"column":13},"end":{"line":2,"column":21}},"2":{"start":{"line":3,"column":13},"end":{"line":3,"column":21}},"3":{"start":{"line":4,"column":13},"end":{"line":4,"column":22}},"4":{"start":{"line":5,"column":13},"end":{"line":5,"column":21}},"5":{"start":{"line":1,"column":24},"end":{"line":1,"column":null}},"6":{"start":{"line":2,"column":24},"end":{"line":2,"column":null}},"7":{"start":{"line":3,"column":24},"end":{"line":3,"column":null}},"8":{"start":{"line":4,"column":25},"end":{"line":4,"column":null}},"9":{"start":{"line":5,"column":24},"end":{"line":5,"column":null}}},"fnMap":{},"branchMap":{},"s":{"0":108,"1":136,"2":246,"3":108,"4":74,"5":3,"6":3,"7":3,"8":3,"9":3},"f":{},"b":{}}
,"/Users/lizhaokang/fork/mobx-miniprogram-lite/src/diff.ts": {"path":"/Users/lizhaokang/fork/mobx-miniprogram-lite/src/diff.ts","statementMap":{"0":{"start":{"line":3,"column":16},"end":{"line":3,"column":25}},"1":{"start":{"line":1,"column":45},"end":{"line":1,"column":null}},"2":{"start":{"line":4,"column":17},"end":{"line":4,"column":null}},"3":{"start":{"line":5,"column":2},"end":{"line":5,"column":null}},"4":{"start":{"line":5,"column":17},"end":{"line":5,"column":null}},"5":{"start":{"line":6,"column":2},"end":{"line":6,"column":null}},"6":{"start":{"line":7,"column":2},"end":{"line":7,"column":null}},"7":{"start":{"line":8,"column":2},"end":{"line":8,"column":null}},"8":{"start":{"line":12,"column":2},"end":{"line":12,"column":null}},"9":{"start":{"line":12,"column":28},"end":{"line":12,"column":null}},"10":{"start":{"line":13,"column":26},"end":{"line":13,"column":null}},"11":{"start":{"line":14,"column":22},"end":{"line":14,"column":null}},"12":{"start":{"line":15,"column":2},"end":{"line":30,"column":null}},"13":{"start":{"line":16,"column":4},"end":{"line":23,"column":null}},"14":{"start":{"line":17,"column":27},"end":{"line":17,"column":39}},"15":{"start":{"line":18,"column":6},"end":{"line":22,"column":null}},"16":{"start":{"line":19,"column":8},"end":{"line":19,"column":null}},"17":{"start":{"line":21,"column":8},"end":{"line":21,"column":null}},"18":{"start":{"line":24,"column":9},"end":{"line":30,"column":null}},"19":{"start":{"line":25,"column":4},"end":{"line":29,"column":null}},"20":{"start":{"line":26,"column":6},"end":{"line":28,"column":null}},"21":{"start":{"line":27,"column":8},"end":{"line":27,"column":null}},"22":{"start":{"line":34,"column":2},"end":{"line":34,"column":null}},"23":{"start":{"line":34,"column":28},"end":{"line":34,"column":null}},"24":{"start":{"line":35,"column":26},"end":{"line":35,"column":null}},"25":{"start":{"line":36,"column":22},"end":{"line":36,"column":null}},"26":{"start":{"line":37,"column":2},"end":{"line":102,"column":null}},"27":{"start":{"line":38,"column":4},"end":{"line":87,"column":null}},"28":{"start":{"line":43,"column":6},"end":{"line":43,"column":null}},"29":{"start":{"line":45,"column":6},"end":{"line":86,"column":null}},"30":{"start":{"line":46,"column":29},"end":{"line":46,"column":41}},"31":{"start":{"line":47,"column":25},"end":{"line":47,"column":38}},"32":{"start":{"line":48,"column":28},"end":{"line":48,"column":null}},"33":{"start":{"line":49,"column":24},"end":{"line":49,"column":null}},"34":{"start":{"line":50,"column":8},"end":{"line":85,"column":null}},"35":{"start":{"line":51,"column":10},"end":{"line":53,"column":null}},"36":{"start":{"line":52,"column":12},"end":{"line":52,"column":null}},"37":{"start":{"line":54,"column":15},"end":{"line":85,"column":null}},"38":{"start":{"line":55,"column":10},"end":{"line":70,"column":null}},"39":{"start":{"line":56,"column":12},"end":{"line":56,"column":null}},"40":{"start":{"line":58,"column":12},"end":{"line":69,"column":null}},"41":{"start":{"line":59,"column":14},"end":{"line":59,"column":null}},"42":{"start":{"line":61,"column":14},"end":{"line":68,"column":null}},"43":{"start":{"line":62,"column":16},"end":{"line":66,"column":null}},"44":{"start":{"line":71,"column":15},"end":{"line":85,"column":null}},"45":{"start":{"line":72,"column":10},"end":{"line":84,"column":null}},"46":{"start":{"line":76,"column":12},"end":{"line":76,"column":null}},"47":{"start":{"line":78,"column":12},"end":{"line":83,"column":null}},"48":{"start":{"line":80,"column":16},"end":{"line":81,"column":69}},"49":{"start":{"line":82,"column":14},"end":{"line":82,"column":null}},"50":{"start":{"line":88,"column":9},"end":{"line":102,"column":null}},"51":{"start":{"line":89,"column":4},"end":{"line":99,"column":null}},"52":{"start":{"line":90,"column":6},"end":{"line":90,"column":null}},"53":{"start":{"line":92,"column":6},"end":{"line":98,"column":null}},"54":{"start":{"line":93,"column":8},"end":{"line":93,"column":null}},"55":{"start":{"line":95,"column":8},"end":{"line":97,"column":null}},"56":{"start":{"line":96,"column":10},"end":{"line":96,"column":null}},"57":{"start":{"line":101,"column":4},"end":{"line":101,"column":null}},"58":{"start":{"line":106,"column":2},"end":{"line":108,"column":null}},"59":{"start":{"line":112,"column":2},"end":{"line":114,"column":null}},"60":{"start":{"line":113,"column":4},"end":{"line":113,"column":null}},"61":{"start":{"line":118,"column":2},"end":{"line":118,"column":null}}},"fnMap":{"0":{"name":"diffData","decl":{"start":{"line":3,"column":16},"end":{"line":3,"column":25}},"loc":{"start":{"line":3,"column":52},"end":{"line":9,"column":null}}},"1":{"name":"syncKeys","decl":{"start":{"line":11,"column":9},"end":{"line":11,"column":18}},"loc":{"start":{"line":11,"column":45},"end":{"line":31,"column":null}}},"2":{"name":"(anonymous_3)","decl":{"start":{"line":26,"column":23},"end":{"line":26,"column":24}},"loc":{"start":{"line":26,"column":35},"end":{"line":28,"column":null}}},"3":{"name":"_diff","decl":{"start":{"line":33,"column":9},"end":{"line":33,"column":15}},"loc":{"start":{"line":33,"column":69},"end":{"line":103,"column":null}}},"4":{"name":"(anonymous_5)","decl":{"start":{"line":61,"column":35},"end":{"line":61,"column":36}},"loc":{"start":{"line":61,"column":47},"end":{"line":68,"column":null}}},"5":{"name":"(anonymous_6)","decl":{"start":{"line":95,"column":24},"end":{"line":95,"column":25}},"loc":{"start":{"line":95,"column":36},"end":{"line":97,"column":null}}},"6":{"name":"concatPathAndKey","decl":{"start":{"line":105,"column":9},"end":{"line":105,"column":26}},"loc":{"start":{"line":105,"column":51},"end":{"line":109,"column":null}}},"7":{"name":"setResult","decl":{"start":{"line":111,"column":9},"end":{"line":111,"column":19}},"loc":{"start":{"line":111,"column":49},"end":{"line":115,"column":null}}},"8":{"name":"getType","decl":{"start":{"line":117,"column":9},"end":{"line":117,"column":17}},"loc":{"start":{"line":117,"column":28},"end":{"line":119,"column":null}}}},"branchMap":{"0":{"loc":{"start":{"line":5,"column":2},"end":{"line":5,"column":null}},"type":"if","locations":[{"start":{"line":5,"column":2},"end":{"line":5,"column":null}}]},"1":{"loc":{"start":{"line":12,"column":2},"end":{"line":12,"column":null}},"type":"if","locations":[{"start":{"line":12,"column":2},"end":{"line":12,"column":null}}]},"2":{"loc":{"start":{"line":15,"column":2},"end":{"line":30,"column":null}},"type":"if","locations":[{"start":{"line":15,"column":2},"end":{"line":30,"column":null}},{"start":{"line":24,"column":9},"end":{"line":30,"column":null}}]},"3":{"loc":{"start":{"line":15,"column":6},"end":{"line":15,"column":60}},"type":"binary-expr","locations":[{"start":{"line":15,"column":6},"end":{"line":15,"column":33}},{"start":{"line":15,"column":37},"end":{"line":15,"column":60}}]},"4":{"loc":{"start":{"line":18,"column":6},"end":{"line":22,"column":null}},"type":"if","locations":[{"start":{"line":18,"column":6},"end":{"line":22,"column":null}},{"start":{"line":20,"column":13},"end":{"line":22,"column":null}}]},"5":{"loc":{"start":{"line":24,"column":9},"end":{"line":30,"column":null}},"type":"if","locations":[{"start":{"line":24,"column":9},"end":{"line":30,"column":null}}]},"6":{"loc":{"start":{"line":24,"column":13},"end":{"line":24,"column":67}},"type":"binary-expr","locations":[{"start":{"line":24,"column":13},"end":{"line":24,"column":40}},{"start":{"line":24,"column":44},"end":{"line":24,"column":67}}]},"7":{"loc":{"start":{"line":25,"column":4},"end":{"line":29,"column":null}},"type":"if","locations":[{"start":{"line":25,"column":4},"end":{"line":29,"column":null}}]},"8":{"loc":{"start":{"line":34,"column":2},"end":{"line":34,"column":null}},"type":"if","locations":[{"start":{"line":34,"column":2},"end":{"line":34,"column":null}}]},"9":{"loc":{"start":{"line":37,"column":2},"end":{"line":102,"column":null}},"type":"if","locations":[{"start":{"line":37,"column":2},"end":{"line":102,"column":null}},{"start":{"line":88,"column":9},"end":{"line":102,"column":null}}]},"10":{"loc":{"start":{"line":38,"column":4},"end":{"line":87,"column":null}},"type":"if","locations":[{"start":{"line":38,"column":4},"end":{"line":87,"column":null}},{"start":{"line":44,"column":11},"end":{"line":87,"column":null}}]},"11":{"loc":{"start":{"line":39,"column":6},"end":{"line":41,"column":null}},"type":"binary-expr","locations":[{"start":{"line":39,"column":6},"end":{"line":39,"column":29}},{"start":{"line":40,"column":7},"end":{"line":40,"column":65}},{"start":{"line":41,"column":8},"end":{"line":41,"column":null}}]},"12":{"loc":{"start":{"line":50,"column":8},"end":{"line":85,"column":null}},"type":"if","locations":[{"start":{"line":50,"column":8},"end":{"line":85,"column":null}},{"start":{"line":54,"column":15},"end":{"line":85,"column":null}}]},"13":{"loc":{"start":{"line":50,"column":12},"end":{"line":50,"column":62}},"type":"binary-expr","locations":[{"start":{"line":50,"column":12},"end":{"line":50,"column":35}},{"start":{"line":50,"column":39},"end":{"line":50,"column":62}}]},"14":{"loc":{"start":{"line":51,"column":10},"end":{"line":53,"column":null}},"type":"if","locations":[{"start":{"line":51,"column":10},"end":{"line":53,"column":null}}]},"15":{"loc":{"start":{"line":54,"column":15},"end":{"line":85,"column":null}},"type":"if","locations":[{"start":{"line":54,"column":15},"end":{"line":85,"column":null}},{"start":{"line":71,"column":15},"end":{"line":85,"column":null}}]},"16":{"loc":{"start":{"line":55,"column":10},"end":{"line":70,"column":null}},"type":"if","locations":[{"start":{"line":55,"column":10},"end":{"line":70,"column":null}},{"start":{"line":57,"column":17},"end":{"line":70,"column":null}}]},"17":{"loc":{"start":{"line":58,"column":12},"end":{"line":69,"column":null}},"type":"if","locations":[{"start":{"line":58,"column":12},"end":{"line":69,"column":null}},{"start":{"line":60,"column":19},"end":{"line":69,"column":null}}]},"18":{"loc":{"start":{"line":71,"column":15},"end":{"line":85,"column":null}},"type":"if","locations":[{"start":{"line":71,"column":15},"end":{"line":85,"column":null}}]},"19":{"loc":{"start":{"line":72,"column":10},"end":{"line":84,"column":null}},"type":"if","locations":[{"start":{"line":72,"column":10},"end":{"line":84,"column":null}},{"start":{"line":77,"column":17},"end":{"line":84,"column":null}}]},"20":{"loc":{"start":{"line":73,"column":12},"end":{"line":74,"column":75}},"type":"binary-expr","locations":[{"start":{"line":73,"column":12},"end":{"line":73,"column":31}},{"start":{"line":74,"column":12},"end":{"line":74,"column":75}}]},"21":{"loc":{"start":{"line":81,"column":17},"end":{"line":81,"column":69}},"type":"cond-expr","locations":[{"start":{"line":81,"column":40},"end":{"line":81,"column":55}},{"start":{"line":81,"column":58},"end":{"line":81,"column":69}}]},"22":{"loc":{"start":{"line":88,"column":9},"end":{"line":102,"column":null}},"type":"if","locations":[{"start":{"line":88,"column":9},"end":{"line":102,"column":null}},{"start":{"line":100,"column":9},"end":{"line":102,"column":null}}]},"23":{"loc":{"start":{"line":89,"column":4},"end":{"line":99,"column":null}},"type":"if","locations":[{"start":{"line":89,"column":4},"end":{"line":99,"column":null}},{"start":{"line":91,"column":11},"end":{"line":99,"column":null}}]},"24":{"loc":{"start":{"line":92,"column":6},"end":{"line":98,"column":null}},"type":"if","locations":[{"start":{"line":92,"column":6},"end":{"line":98,"column":null}},{"start":{"line":94,"column":13},"end":{"line":98,"column":null}}]},"25":{"loc":{"start":{"line":106,"column":9},"end":{"line":108,"column":null}},"type":"cond-expr","locations":[{"start":{"line":107,"column":6},"end":{"line":107,"column":25}},{"start":{"line":108,"column":6},"end":{"line":108,"column":null}}]},"26":{"loc":{"start":{"line":108,"column":7},"end":{"line":108,"column":34}},"type":"cond-expr","locations":[{"start":{"line":108,"column":20},"end":{"line":108,"column":25}},{"start":{"line":108,"column":25},"end":{"line":108,"column":34}}]},"27":{"loc":{"start":{"line":112,"column":2},"end":{"line":114,"column":null}},"type":"if","locations":[{"start":{"line":112,"column":2},"end":{"line":114,"column":null}}]}},"s":{"0":6,"1":3,"2":6,"3":6,"4":0,"5":6,"6":6,"7":6,"8":68,"9":38,"10":30,"11":30,"12":30,"13":18,"14":50,"15":50,"16":0,"17":50,"18":12,"19":4,"20":4,"21":12,"22":21,"23":0,"24":21,"25":21,"26":21,"27":21,"28":3,"29":18,"30":50,"31":50,"32":50,"33":50,"34":50,"35":46,"36":8,"37":4,"38":4,"39":0,"40":4,"41":0,"42":4,"43":15,"44":0,"45":0,"46":0,"47":0,"48":0,"49":0,"50":0,"51":0,"52":0,"53":0,"54":0,"55":0,"56":0,"57":0,"58":23,"59":11,"60":11,"61":213},"f":{"0":6,"1":68,"2":12,"3":21,"4":15,"5":0,"6":23,"7":11,"8":213},"b":{"0":[0],"1":[38],"2":[18,12],"3":[30,18],"4":[0,50],"5":[4],"6":[12,4],"7":[4],"8":[0],"9":[21,0],"10":[3,18],"11":[21,18,0],"12":[46,4],"13":[50,46],"14":[8],"15":[4,0],"16":[0,4],"17":[0,4],"18":[0],"19":[0,0],"20":[0,0],"21":[0,0],"22":[0,0],"23":[0,0],"24":[0,0],"25":[0,23],"26":[22,1],"27":[11]}}
,"/Users/lizhaokang/fork/mobx-miniprogram-lite/src/index.ts": {"path":"/Users/lizhaokang/fork/mobx-miniprogram-lite/src/index.ts","statementMap":{"0":{"start":{"line":3,"column":9},"end":{"line":3,"column":33}},"1":{"start":{"line":4,"column":9},"end":{"line":4,"column":28}},"2":{"start":{"line":17,"column":9},"end":{"line":17,"column":35}},"3":{"start":{"line":1,"column":26},"end":{"line":1,"column":null}},"4":{"start":{"line":3,"column":33},"end":{"line":3,"column":null}},"5":{"start":{"line":4,"column":28},"end":{"line":4,"column":null}},"6":{"start":{"line":17,"column":35},"end":{"line":17,"column":null}},"7":{"start":{"line":9,"column":0},"end":{"line":13,"column":null}}},"fnMap":{},"branchMap":{},"s":{"0":0,"1":0,"2":8,"3":3,"4":3,"5":3,"6":3,"7":3},"f":{},"b":{}}
,"/Users/lizhaokang/fork/mobx-miniprogram-lite/src/make-auto-observable.ts": {"path":"/Users/lizhaokang/fork/mobx-miniprogram-lite/src/make-auto-observable.ts","statementMap":{"0":{"start":{"line":14,"column":16},"end":{"line":14,"column":null}},"1":{"start":{"line":6,"column":7},"end":{"line":6,"column":null}},"2":{"start":{"line":7,"column":27},"end":{"line":7,"column":null}},"3":{"start":{"line":12,"column":20},"end":{"line":12,"column":null}},"4":{"start":{"line":27,"column":25},"end":{"line":27,"column":null}},"5":{"start":{"line":30,"column":4},"end":{"line":38,"column":null}},"6":{"start":{"line":31,"column":6},"end":{"line":31,"column":null}},"7":{"start":{"line":31,"column":31},"end":{"line":31,"column":null}},"8":{"start":{"line":32,"column":6},"end":{"line":37,"column":null}},"9":{"start":{"line":33,"column":8},"end":{"line":36,"column":null}},"10":{"start":{"line":41,"column":2},"end":{"line":41,"column":null}},"11":{"start":{"line":43,"column":16},"end":{"line":43,"column":null}},"12":{"start":{"line":45,"column":2},"end":{"line":48,"column":null}},"13":{"start":{"line":46,"column":29},"end":{"line":46,"column":null}},"14":{"start":{"line":47,"column":4},"end":{"line":47,"column":null}},"15":{"start":{"line":50,"column":2},"end":{"line":50,"column":null}},"16":{"start":{"line":52,"column":2},"end":{"line":52,"column":null}}},"fnMap":{"0":{"name":"makeAutoObservable","decl":{"start":{"line":14,"column":16},"end":{"line":14,"column":null}},"loc":{"start":{"line":20,"column":33},"end":{"line":53,"column":null}}},"1":{"name":"traverseDescriptor","decl":{"start":{"line":29,"column":11},"end":{"line":29,"column":30}},"loc":{"start":{"line":29,"column":54},"end":{"line":39,"column":null}}}},"branchMap":{"0":{"loc":{"start":{"line":31,"column":6},"end":{"line":31,"column":null}},"type":"if","locations":[{"start":{"line":31,"column":6},"end":{"line":31,"column":null}}]},"1":{"loc":{"start":{"line":32,"column":6},"end":{"line":37,"column":null}},"type":"if","locations":[{"start":{"line":32,"column":6},"end":{"line":37,"column":null}}]},"2":{"loc":{"start":{"line":32,"column":10},"end":{"line":32,"column":72}},"type":"binary-expr","locations":[{"start":{"line":32,"column":10},"end":{"line":32,"column":32}},{"start":{"line":32,"column":36},"end":{"line":32,"column":72}}]},"3":{"loc":{"start":{"line":45,"column":2},"end":{"line":48,"column":null}},"type":"if","locations":[{"start":{"line":45,"column":2},"end":{"line":48,"column":null}}]}},"s":{"0":8,"1":3,"2":3,"3":3,"4":8,"5":16,"6":29,"7":8,"8":21,"9":4,"10":8,"11":8,"12":8,"13":8,"14":8,"15":8,"16":8},"f":{"0":8,"1":16},"b":{"0":[8],"1":[4],"2":[21,11],"3":[8]}}
,"/Users/lizhaokang/fork/mobx-miniprogram-lite/src/shim-store-map.ts": {"path":"/Users/lizhaokang/fork/mobx-miniprogram-lite/src/shim-store-map.ts","statementMap":{"0":{"start":{"line":103,"column":13},"end":{"line":103,"column":28}},"1":{"start":{"line":1,"column":49},"end":{"line":1,"column":null}},"2":{"start":{"line":2,"column":30},"end":{"line":2,"column":null}},"3":{"start":{"line":3,"column":25},"end":{"line":3,"column":null}},"4":{"start":{"line":24,"column":16},"end":{"line":24,"column":null}},"5":{"start":{"line":25,"column":4},"end":{"line":37,"column":null}},"6":{"start":{"line":26,"column":6},"end":{"line":36,"column":null}},"7":{"start":{"line":27,"column":8},"end":{"line":27,"column":null}},"8":{"start":{"line":28,"column":8},"end":{"line":28,"column":null}},"9":{"start":{"line":29,"column":8},"end":{"line":32,"column":null}},"10":{"start":{"line":33,"column":8},"end":{"line":33,"column":null}},"11":{"start":{"line":35,"column":8},"end":{"line":35,"column":null}},"12":{"start":{"line":38,"column":4},"end":{"line":38,"column":null}},"13":{"start":{"line":42,"column":18},"end":{"line":42,"column":null}},"14":{"start":{"line":43,"column":4},"end":{"line":43,"column":null}},"15":{"start":{"line":47,"column":18},"end":{"line":47,"column":null}},"16":{"start":{"line":48,"column":4},"end":{"line":48,"column":null}},"17":{"start":{"line":52,"column":18},"end":{"line":52,"column":null}},"18":{"start":{"line":54,"column":25},"end":{"line":54,"column":46}},"19":{"start":{"line":56,"column":22},"end":{"line":56,"column":48}},"20":{"start":{"line":59,"column":4},"end":{"line":76,"column":null}},"21":{"start":{"line":60,"column":6},"end":{"line":74,"column":null}},"22":{"start":{"line":62,"column":10},"end":{"line":62,"column":null}},"23":{"start":{"line":63,"column":10},"end":{"line":63,"column":null}},"24":{"start":{"line":66,"column":23},"end":{"line":66,"column":null}},"25":{"start":{"line":67,"column":33},"end":{"line":72,"column":null}},"26":{"start":{"line":70,"column":12},"end":{"line":70,"column":null}},"27":{"start":{"line":71,"column":12},"end":{"line":71,"column":null}},"28":{"start":{"line":73,"column":10},"end":{"line":73,"column":null}},"29":{"start":{"line":73,"column":42},"end":{"line":73,"column":null}},"30":{"start":{"line":77,"column":4},"end":{"line":77,"column":null}},"31":{"start":{"line":77,"column":23},"end":{"line":77,"column":null}},"32":{"start":{"line":78,"column":4},"end":{"line":78,"column":null}},"33":{"start":{"line":17,"column":2},"end":{"line":17,"column":null}},"34":{"start":{"line":19,"column":2},"end":{"line":19,"column":null}},"35":{"start":{"line":21,"column":2},"end":{"line":21,"column":null}},"36":{"start":{"line":81,"column":2},"end":{"line":85,"column":null}},"37":{"start":{"line":82,"column":18},"end":{"line":82,"column":null}},"38":{"start":{"line":83,"column":4},"end":{"line":83,"column":null}},"39":{"start":{"line":83,"column":22},"end":{"line":83,"column":null}},"40":{"start":{"line":84,"column":4},"end":{"line":84,"column":null}},"41":{"start":{"line":87,"column":2},"end":{"line":100,"column":null}},"42":{"start":{"line":88,"column":4},"end":{"line":88,"column":null}},"43":{"start":{"line":88,"column":29},"end":{"line":88,"column":null}},"44":{"start":{"line":89,"column":21},"end":{"line":89,"column":null}},"45":{"start":{"line":90,"column":22},"end":{"line":90,"column":null}},"46":{"start":{"line":91,"column":4},"end":{"line":91,"column":null}},"47":{"start":{"line":91,"column":28},"end":{"line":91,"column":null}},"48":{"start":{"line":92,"column":32},"end":{"line":92,"column":null}},"49":{"start":{"line":93,"column":4},"end":{"line":93,"column":null}},"50":{"start":{"line":93,"column":33},"end":{"line":93,"column":null}},"51":{"start":{"line":94,"column":4},"end":{"line":94,"column":null}},"52":{"start":{"line":95,"column":4},"end":{"line":99,"column":null}},"53":{"start":{"line":96,"column":6},"end":{"line":96,"column":null}},"54":{"start":{"line":97,"column":6},"end":{"line":97,"column":null}},"55":{"start":{"line":98,"column":6},"end":{"line":98,"column":null}},"56":{"start":{"line":103,"column":28},"end":{"line":103,"column":null}}},"fnMap":{"0":{"name":"(anonymous_2)","decl":{"start":{"line":23,"column":2},"end":{"line":23,"column":16}},"loc":{"start":{"line":23,"column":54},"end":{"line":39,"column":null}}},"1":{"name":"(anonymous_3)","decl":{"start":{"line":41,"column":2},"end":{"line":41,"column":14}},"loc":{"start":{"line":41,"column":53},"end":{"line":44,"column":null}}},"2":{"name":"(anonymous_4)","decl":{"start":{"line":46,"column":2},"end":{"line":46,"column":15}},"loc":{"start":{"line":46,"column":58},"end":{"line":49,"column":null}}},"3":{"name":"(anonymous_5)","decl":{"start":{"line":51,"column":2},"end":{"line":51,"column":17}},"loc":{"start":{"line":51,"column":47},"end":{"line":79,"column":null}}},"4":{"name":"(anonymous_6)","decl":{"start":{"line":61,"column":8},"end":{"line":61,"column":null}},"loc":{"start":{"line":61,"column":8},"end":{"line":64,"column":null}}},"5":{"name":"(anonymous_7)","decl":{"start":{"line":65,"column":8},"end":{"line":65,"column":9}},"loc":{"start":{"line":65,"column":16},"end":{"line":74,"column":null}}},"6":{"name":"(anonymous_8)","decl":{"start":{"line":69,"column":12},"end":{"line":69,"column":13}},"loc":{"start":{"line":69,"column":31},"end":{"line":72,"column":13}}},"7":{"name":"(anonymous_9)","decl":{"start":{"line":73,"column":28},"end":{"line":73,"column":29}},"loc":{"start":{"line":73,"column":42},"end":{"line":73,"column":null}}},"8":{"name":"(anonymous_11)","decl":{"start":{"line":81,"column":16},"end":{"line":81,"column":17}},"loc":{"start":{"line":81,"column":17},"end":{"line":85,"column":null}}},"9":{"name":"(anonymous_12)","decl":{"start":{"line":87,"column":23},"end":{"line":87,"column":24}},"loc":{"start":{"line":87,"column":38},"end":{"line":100,"column":null}}}},"branchMap":{"0":{"loc":{"start":{"line":23,"column":30},"end":{"line":23,"column":44}},"type":"default-arg","locations":[{"start":{"line":23,"column":39},"end":{"line":23,"column":44}}]},"1":{"loc":{"start":{"line":25,"column":4},"end":{"line":37,"column":null}},"type":"if","locations":[{"start":{"line":25,"column":4},"end":{"line":37,"column":null}}]},"2":{"loc":{"start":{"line":26,"column":6},"end":{"line":36,"column":null}},"type":"if","locations":[{"start":{"line":26,"column":6},"end":{"line":36,"column":null}},{"start":{"line":34,"column":13},"end":{"line":36,"column":null}}]},"3":{"loc":{"start":{"line":59,"column":4},"end":{"line":76,"column":null}},"type":"if","locations":[{"start":{"line":59,"column":4},"end":{"line":76,"column":null}}]},"4":{"loc":{"start":{"line":77,"column":4},"end":{"line":77,"column":null}},"type":"if","locations":[{"start":{"line":77,"column":4},"end":{"line":77,"column":null}}]},"5":{"loc":{"start":{"line":83,"column":4},"end":{"line":83,"column":null}},"type":"if","locations":[{"start":{"line":83,"column":4},"end":{"line":83,"column":null}}]},"6":{"loc":{"start":{"line":88,"column":4},"end":{"line":88,"column":null}},"type":"if","locations":[{"start":{"line":88,"column":4},"end":{"line":88,"column":null}}]},"7":{"loc":{"start":{"line":88,"column":8},"end":{"line":88,"column":29}},"type":"binary-expr","locations":[{"start":{"line":88,"column":8},"end":{"line":88,"column":18}},{"start":{"line":88,"column":18},"end":{"line":88,"column":29}}]},"8":{"loc":{"start":{"line":91,"column":4},"end":{"line":91,"column":null}},"type":"if","locations":[{"start":{"line":91,"column":4},"end":{"line":91,"column":null}}]},"9":{"loc":{"start":{"line":93,"column":4},"end":{"line":93,"column":null}},"type":"if","locations":[{"start":{"line":93,"column":4},"end":{"line":93,"column":null}}]},"10":{"loc":{"start":{"line":95,"column":4},"end":{"line":99,"column":null}},"type":"if","locations":[{"start":{"line":95,"column":4},"end":{"line":99,"column":null}}]},"11":{"loc":{"start":{"line":95,"column":8},"end":{"line":95,"column":44}},"type":"binary-expr","locations":[{"start":{"line":95,"column":8},"end":{"line":95,"column":34}},{"start":{"line":95,"column":34},"end":{"line":95,"column":44}}]}},"s":{"0":30,"1":3,"2":3,"3":3,"4":40,"5":40,"6":3,"7":3,"8":3,"9":3,"10":3,"11":0,"12":40,"13":10,"14":10,"15":10,"16":10,"17":10,"18":10,"19":10,"20":10,"21":6,"22":12,"23":12,"24":6,"25":6,"26":11,"27":11,"28":6,"29":10,"30":10,"31":6,"32":10,"33":3,"34":3,"35":3,"36":3,"37":10,"38":10,"39":0,"40":10,"41":3,"42":10,"43":0,"44":10,"45":10,"46":10,"47":0,"48":10,"49":10,"50":0,"51":10,"52":10,"53":6,"54":6,"55":6,"56":3},"f":{"0":40,"1":10,"2":10,"3":10,"4":12,"5":6,"6":11,"7":10,"8":10,"9":10},"b":{"0":[20],"1":[3],"2":[3,0],"3":[6],"4":[6],"5":[0],"6":[0],"7":[10,10],"8":[0],"9":[0],"10":[6],"11":[10,6]}}
,"/Users/lizhaokang/fork/mobx-miniprogram-lite/src/traverse.ts": {"path":"/Users/lizhaokang/fork/mobx-miniprogram-lite/src/traverse.ts","statementMap":{"0":{"start":{"line":5,"column":16},"end":{"line":5,"column":33}},"1":{"start":{"line":1,"column":46},"end":{"line":1,"column":null}},"2":{"start":{"line":2,"column":46},"end":{"line":2,"column":null}},"3":{"start":{"line":3,"column":34},"end":{"line":3,"column":null}},"4":{"start":{"line":7,"column":2},"end":{"line":7,"column":null}},"5":{"start":{"line":7,"column":14},"end":{"line":7,"column":null}},"6":{"start":{"line":9,"column":2},"end":{"line":14,"column":null}},"7":{"start":{"line":14,"column":4},"end":{"line":14,"column":null}},"8":{"start":{"line":16,"column":15},"end":{"line":16,"column":null}},"9":{"start":{"line":19,"column":2},"end":{"line":19,"column":null}},"10":{"start":{"line":19,"column":54},"end":{"line":19,"column":null}},"11":{"start":{"line":23,"column":2},"end":{"line":29,"column":null}},"12":{"start":{"line":24,"column":16},"end":{"line":24,"column":18}},"13":{"start":{"line":25,"column":4},"end":{"line":27,"column":null}},"14":{"start":{"line":25,"column":17},"end":{"line":25,"column":20}},"15":{"start":{"line":26,"column":6},"end":{"line":26,"column":null}},"16":{"start":{"line":28,"column":4},"end":{"line":28,"column":null}},"17":{"start":{"line":31,"column":2},"end":{"line":31,"column":null}},"18":{"start":{"line":31,"column":24},"end":{"line":31,"column":null}},"19":{"start":{"line":32,"column":35},"end":{"line":32,"column":null}},"20":{"start":{"line":35,"column":24},"end":{"line":35,"column":null}},"21":{"start":{"line":38,"column":26},"end":{"line":39,"column":null}},"22":{"start":{"line":39,"column":11},"end":{"line":39,"column":null}},"23":{"start":{"line":42,"column":2},"end":{"line":44,"column":null}},"24":{"start":{"line":43,"column":4},"end":{"line":43,"column":null}},"25":{"start":{"line":46,"column":25},"end":{"line":46,"column":null}},"26":{"start":{"line":48,"column":24},"end":{"line":49,"column":null}},"27":{"start":{"line":49,"column":13},"end":{"line":49,"column":36}},"28":{"start":{"line":52,"column":2},"end":{"line":54,"column":null}},"29":{"start":{"line":53,"column":4},"end":{"line":53,"column":null}},"30":{"start":{"line":56,"column":16},"end":{"line":56,"column":null}},"31":{"start":{"line":58,"column":2},"end":{"line":68,"column":null}},"32":{"start":{"line":59,"column":29},"end":{"line":59,"column":null}},"33":{"start":{"line":61,"column":28},"end":{"line":62,"column":null}},"34":{"start":{"line":62,"column":15},"end":{"line":62,"column":72}},"35":{"start":{"line":65,"column":4},"end":{"line":67,"column":null}},"36":{"start":{"line":66,"column":6},"end":{"line":66,"column":null}},"37":{"start":{"line":70,"column":2},"end":{"line":70,"column":null}}},"fnMap":{"0":{"name":"traverseModel","decl":{"start":{"line":5,"column":16},"end":{"line":5,"column":33}},"loc":{"start":{"line":5,"column":41},"end":{"line":71,"column":null}}},"1":{"name":"(anonymous_2)","decl":{"start":{"line":39,"column":4},"end":{"line":39,"column":5}},"loc":{"start":{"line":39,"column":11},"end":{"line":39,"column":null}}},"2":{"name":"(anonymous_3)","decl":{"start":{"line":42,"column":26},"end":{"line":42,"column":27}},"loc":{"start":{"line":42,"column":27},"end":{"line":44,"column":null}}},"3":{"name":"(anonymous_4)","decl":{"start":{"line":49,"column":4},"end":{"line":49,"column":5}},"loc":{"start":{"line":49,"column":13},"end":{"line":49,"column":36}}},"4":{"name":"(anonymous_5)","decl":{"start":{"line":52,"column":24},"end":{"line":52,"column":25}},"loc":{"start":{"line":52,"column":25},"end":{"line":54,"column":null}}},"5":{"name":"(anonymous_6)","decl":{"start":{"line":62,"column":6},"end":{"line":62,"column":7}},"loc":{"start":{"line":62,"column":15},"end":{"line":62,"column":72}}},"6":{"name":"(anonymous_7)","decl":{"start":{"line":65,"column":28},"end":{"line":65,"column":29}},"loc":{"start":{"line":65,"column":29},"end":{"line":67,"column":null}}}},"branchMap":{"0":{"loc":{"start":{"line":7,"column":2},"end":{"line":7,"column":null}},"type":"if","locations":[{"start":{"line":7,"column":2},"end":{"line":7,"column":null}}]},"1":{"loc":{"start":{"line":9,"column":2},"end":{"line":14,"column":null}},"type":"if","locations":[{"start":{"line":9,"column":2},"end":{"line":14,"column":null}}]},"2":{"loc":{"start":{"line":10,"column":4},"end":{"line":12,"column":null}},"type":"binary-expr","locations":[{"start":{"line":10,"column":4},"end":{"line":10,"column":null}},{"start":{"line":11,"column":4},"end":{"line":11,"column":null}},{"start":{"line":12,"column":4},"end":{"line":12,"column":null}}]},"3":{"loc":{"start":{"line":19,"column":2},"end":{"line":19,"column":null}},"type":"if","locations":[{"start":{"line":19,"column":2},"end":{"line":19,"column":null}}]},"4":{"loc":{"start":{"line":23,"column":2},"end":{"line":29,"column":null}},"type":"if","locations":[{"start":{"line":23,"column":2},"end":{"line":29,"column":null}}]},"5":{"loc":{"start":{"line":23,"column":6},"end":{"line":23,"column":56}},"type":"binary-expr","locations":[{"start":{"line":23,"column":6},"end":{"line":23,"column":30}},{"start":{"line":23,"column":30},"end":{"line":23,"column":56}}]},"6":{"loc":{"start":{"line":31,"column":2},"end":{"line":31,"column":null}},"type":"if","locations":[{"start":{"line":31,"column":2},"end":{"line":31,"column":null}}]},"7":{"loc":{"start":{"line":58,"column":2},"end":{"line":68,"column":null}},"type":"if","locations":[{"start":{"line":58,"column":2},"end":{"line":68,"column":null}}]},"8":{"loc":{"start":{"line":62,"column":15},"end":{"line":62,"column":72}},"type":"binary-expr","locations":[{"start":{"line":62,"column":15},"end":{"line":62,"column":47}},{"start":{"line":62,"column":47},"end":{"line":62,"column":72}}]}},"s":{"0":12,"1":3,"2":3,"3":3,"4":336,"5":58,"6":278,"7":170,"8":108,"9":108,"10":28,"11":80,"12":16,"13":16,"14":16,"15":52,"16":16,"17":64,"18":0,"19":64,"20":64,"21":64,"22":144,"23":64,"24":116,"25":64,"26":64,"27":156,"28":64,"29":156,"30":64,"31":64,"32":64,"33":64,"34":80,"35":64,"36":0,"37":64},"f":{"0":336,"1":144,"2":116,"3":156,"4":156,"5":80,"6":0},"b":{"0":[58],"1":[170],"2":[278,174,122],"3":[28],"4":[16],"5":[80,80],"6":[0],"7":[64],"8":[80,64]}}
,"/Users/lizhaokang/fork/mobx-miniprogram-lite/src/utils.ts": {"path":"/Users/lizhaokang/fork/mobx-miniprogram-lite/src/utils.ts","statementMap":{"0":{"start":{"line":3,"column":13},"end":{"line":3,"column":20}},"1":{"start":{"line":5,"column":16},"end":{"line":5,"column":26}},"2":{"start":{"line":10,"column":16},"end":{"line":10,"column":24}},"3":{"start":{"line":1,"column":25},"end":{"line":1,"column":null}},"4":{"start":{"line":3,"column":23},"end":{"line":3,"column":null}},"5":{"start":{"line":3,"column":41},"end":{"line":3,"column":null}},"6":{"start":{"line":6,"column":2},"end":{"line":6,"column":null}},"7":{"start":{"line":6,"column":13},"end":{"line":6,"column":null}},"8":{"start":{"line":7,"column":2},"end":{"line":7,"column":null}},"9":{"start":{"line":11,"column":2},"end":{"line":11,"column":null}}},"fnMap":{"0":{"name":"(anonymous_4)","decl":{"start":{"line":3,"column":23},"end":{"line":3,"column":24}},"loc":{"start":{"line":3,"column":41},"end":{"line":3,"column":null}}},"1":{"name":"isFunction","decl":{"start":{"line":5,"column":16},"end":{"line":5,"column":26}},"loc":{"start":{"line":5,"column":39},"end":{"line":8,"column":null}}},"2":{"name":"isObject","decl":{"start":{"line":10,"column":16},"end":{"line":10,"column":24}},"loc":{"start":{"line":10,"column":38},"end":{"line":12,"column":null}}}},"branchMap":{"0":{"loc":{"start":{"line":6,"column":2},"end":{"line":6,"column":null}},"type":"if","locations":[{"start":{"line":6,"column":2},"end":{"line":6,"column":null}}]},"1":{"loc":{"start":{"line":11,"column":17},"end":{"line":11,"column":null}},"type":"binary-expr","locations":[{"start":{"line":11,"column":17},"end":{"line":11,"column":25}},{"start":{"line":11,"column":25},"end":{"line":11,"column":null}}]}},"s":{"0":108,"1":155,"2":64,"3":3,"4":3,"5":235,"6":155,"7":28,"8":127,"9":64},"f":{"0":235,"1":155,"2":64},"b":{"0":[28],"1":[64,64]}}
}
