TN:
SF:src/connect-component.ts
FN:3,(anonymous_1)
FN:36,(anonymous_2)
FN:39,(anonymous_3)
FN:41,(anonymous_4)
FN:44,(anonymous_5)
FN:59,attached
FN:65,detached
FN:67,(anonymous_8)
FN:75,created
FNF:9
FNH:9
FNDA:3,(anonymous_1)
FNDA:9,(anonymous_2)
FNDA:9,(anonymous_3)
FNDA:16,(anonymous_4)
FNDA:16,(anonymous_5)
FNDA:9,attached
FNDA:9,detached
FNDA:9,(anonymous_8)
FNDA:9,created
DA:1,3
DA:3,3
DA:27,3
DA:28,3
DA:29,3
DA:31,3
DA:33,3
DA:36,3
DA:37,9
DA:38,9
DA:40,9
DA:41,9
DA:43,16
DA:44,16
DA:45,16
DA:48,9
DA:49,9
DA:50,9
DA:53,9
DA:60,9
DA:61,9
DA:66,9
DA:68,9
DA:71,9
DA:76,9
DA:77,9
DA:80,3
DA:90,3
DA:92,3
LF:29
LH:29
BRDA:43,0,0,0
BRDA:50,1,0,9
BRF:2
BRH:1
end_of_record
TN:
SF:src/connect-page.ts
FN:3,(anonymous_1)
FN:21,(anonymous_2)
FN:23,(anonymous_3)
FN:25,(anonymous_4)
FN:28,(anonymous_5)
FN:42,onLoad
FN:49,onUnload
FN:51,(anonymous_8)
FNF:8
FNH:8
FNDA:1,(anonymous_1)
FNDA:1,(anonymous_2)
FNDA:1,(anonymous_3)
FNDA:2,(anonymous_4)
FNDA:2,(anonymous_5)
FNDA:1,onLoad
FNDA:1,onUnload
FNDA:1,(anonymous_8)
DA:1,3
DA:3,3
DA:13,1
DA:14,1
DA:16,1
DA:18,1
DA:21,1
DA:22,1
DA:23,1
DA:24,1
DA:25,1
DA:27,2
DA:28,2
DA:29,2
DA:32,1
DA:33,1
DA:34,1
DA:36,1
DA:43,1
DA:44,1
DA:45,1
DA:50,1
DA:52,1
DA:55,1
DA:61,1
DA:63,1
LF:26
LH:26
BRDA:27,0,0,0
BRDA:34,1,0,1
BRF:2
BRH:1
end_of_record
TN:
SF:src/const.ts
FNF:0
FNH:0
DA:1,34
DA:2,101
DA:3,56
DA:4,34
DA:5,55
LF:5
LH:5
BRF:0
BRH:0
end_of_record
TN:
SF:src/diff.ts
FN:3,diffData
FN:10,syncKeys
FN:25,(anonymous_3)
FN:32,_diff
FN:60,(anonymous_5)
FN:94,(anonymous_6)
FN:104,concatPathAndKey
FN:110,setResult
FN:116,getType
FNF:9
FNH:8
FNDA:11,diffData
FNDA:47,syncKeys
FNDA:12,(anonymous_3)
FNDA:26,_diff
FNDA:0,(anonymous_5)
FNDA:15,(anonymous_6)
FNDA:1,concatPathAndKey
FNDA:11,setResult
FNDA:159,getType
DA:1,3
DA:3,11
DA:4,11
DA:5,11
DA:6,11
DA:7,11
DA:11,47
DA:12,24
DA:13,24
DA:14,24
DA:15,12
DA:16,24
DA:17,24
DA:18,0
DA:20,24
DA:23,12
DA:24,4
DA:25,4
DA:26,12
DA:33,26
DA:34,26
DA:35,26
DA:36,26
DA:37,15
DA:42,3
DA:44,12
DA:45,24
DA:46,24
DA:47,24
DA:48,24
DA:49,24
DA:50,24
DA:51,1
DA:53,0
DA:54,0
DA:55,0
DA:57,0
DA:58,0
DA:60,0
DA:61,0
DA:70,0
DA:71,0
DA:75,0
DA:77,0
DA:79,0
DA:81,0
DA:87,11
DA:88,4
DA:89,0
DA:91,4
DA:92,0
DA:94,4
DA:95,15
DA:100,7
DA:105,1
DA:111,11
DA:112,11
DA:117,159
LF:58
LH:42
BRDA:11,0,0,23
BRDA:14,1,0,12
BRDA:14,1,1,12
BRDA:14,2,0,24
BRDA:14,2,1,12
BRDA:17,3,0,0
BRDA:17,3,1,24
BRDA:23,4,0,4
BRDA:23,5,0,12
BRDA:23,5,1,4
BRDA:24,6,0,4
BRDA:33,7,0,0
BRDA:36,8,0,15
BRDA:36,8,1,11
BRDA:37,9,0,3
BRDA:37,9,1,12
BRDA:38,10,0,15
BRDA:38,10,1,12
BRDA:38,10,2,0
BRDA:49,11,0,24
BRDA:49,11,1,0
BRDA:49,12,0,24
BRDA:49,12,1,24
BRDA:50,13,0,1
BRDA:53,14,0,0
BRDA:53,14,1,0
BRDA:54,15,0,0
BRDA:54,15,1,0
BRDA:57,16,0,0
BRDA:57,16,1,0
BRDA:70,17,0,0
BRDA:71,18,0,0
BRDA:71,18,1,0
BRDA:72,19,0,0
BRDA:72,19,1,0
BRDA:80,20,0,0
BRDA:80,20,1,0
BRDA:87,21,0,4
BRDA:87,21,1,7
BRDA:88,22,0,0
BRDA:88,22,1,4
BRDA:91,23,0,0
BRDA:91,23,1,4
BRDA:105,24,0,0
BRDA:105,24,1,1
BRDA:107,25,0,0
BRDA:107,25,1,1
BRDA:111,26,0,11
BRF:48
BRH:27
end_of_record
TN:
SF:src/index.ts
FNF:0
FNH:0
DA:1,3
DA:3,3
DA:4,3
DA:9,3
DA:17,8
LF:5
LH:5
BRF:0
BRH:0
end_of_record
TN:
SF:src/make-auto-observable.ts
FN:14,makeAutoObservable
FN:29,traverseDescriptor
FNF:2
FNH:2
FNDA:8,makeAutoObservable
FNDA:16,traverseDescriptor
DA:6,3
DA:7,3
DA:12,3
DA:14,8
DA:27,8
DA:30,16
DA:31,29
DA:32,21
DA:33,4
DA:41,8
DA:43,8
DA:45,8
DA:46,8
DA:47,8
DA:50,8
DA:52,8
LF:16
LH:16
BRDA:31,0,0,8
BRDA:32,1,0,4
BRDA:32,2,0,21
BRDA:32,2,1,11
BRDA:45,3,0,8
BRF:5
BRH:5
end_of_record
TN:
SF:src/shim-store-map.ts
FN:23,(anonymous_2)
FN:41,(anonymous_3)
FN:46,(anonymous_4)
FN:51,(anonymous_5)
FN:60,(anonymous_6)
FN:72,(anonymous_7)
FN:74,(anonymous_8)
FN:80,(anonymous_9)
FN:84,(anonymous_10)
FN:90,(anonymous_11)
FN:98,(anonymous_12)
FN:99,(anonymous_13)
FN:107,(anonymous_15)
FN:113,(anonymous_16)
FNF:14
FNH:14
FNDA:40,(anonymous_2)
FNDA:10,(anonymous_3)
FNDA:10,(anonymous_4)
FNDA:10,(anonymous_5)
FNDA:6,(anonymous_6)
FNDA:12,(anonymous_7)
FNDA:23,(anonymous_8)
FNDA:11,(anonymous_9)
FNDA:11,(anonymous_10)
FNDA:18,(anonymous_11)
FNDA:6,(anonymous_12)
FNDA:12,(anonymous_13)
FNDA:10,(anonymous_15)
FNDA:10,(anonymous_16)
DA:1,3
DA:2,3
DA:3,3
DA:17,3
DA:19,3
DA:21,3
DA:24,40
DA:25,40
DA:26,3
DA:27,3
DA:28,3
DA:29,3
DA:33,3
DA:35,0
DA:38,40
DA:42,10
DA:43,10
DA:47,10
DA:48,10
DA:52,10
DA:54,10
DA:56,10
DA:58,10
DA:59,10
DA:60,6
DA:61,6
DA:64,6
DA:72,6
DA:73,12
DA:75,23
DA:76,23
DA:77,23
DA:78,23
DA:81,11
DA:82,11
DA:85,11
DA:86,11
DA:87,11
DA:90,11
DA:91,18
DA:95,12
DA:98,6
DA:99,12
DA:103,10
DA:104,10
DA:107,3
DA:108,10
DA:109,10
DA:110,10
DA:113,3
DA:114,10
DA:115,10
DA:116,10
DA:117,10
DA:118,10
DA:119,10
DA:120,10
DA:121,10
DA:122,6
DA:123,6
DA:124,6
DA:129,30
LF:62
LH:61
BRDA:23,0,0,20
BRDA:25,1,0,3
BRDA:26,2,0,3
BRDA:26,2,1,0
BRDA:59,3,0,6
BRDA:75,4,0,23
BRDA:75,4,1,6
BRDA:85,5,0,4
BRDA:85,5,1,7
BRDA:103,6,0,6
BRDA:109,7,0,0
BRDA:114,8,0,0
BRDA:114,9,0,10
BRDA:114,9,1,10
BRDA:117,10,0,0
BRDA:119,11,0,0
BRDA:121,12,0,6
BRDA:121,13,0,10
BRDA:121,13,1,6
BRF:19
BRH:14
end_of_record
TN:
SF:src/traverse.ts
FN:5,traverseModel
FN:35,(anonymous_4)
FN:43,getSerializableKeys
FN:70,(anonymous_6)
FNF:4
FNH:4
FNDA:101,traverseModel
FNDA:52,(anonymous_4)
FNDA:32,getSerializableKeys
FNDA:40,(anonymous_6)
DA:1,3
DA:2,3
DA:3,3
DA:5,23
DA:7,101
DA:9,84
DA:14,50
DA:16,34
DA:19,34
DA:23,34
DA:24,8
DA:25,8
DA:26,26
DA:28,8
DA:31,26
DA:32,26
DA:35,26
DA:36,52
DA:39,26
DA:43,6
DA:45,32
DA:48,32
DA:51,32
DA:53,32
DA:55,32
DA:56,78
DA:57,14
DA:58,64
DA:59,64
DA:61,0
DA:65,32
DA:68,32
DA:69,32
DA:70,32
DA:72,40
DA:77,8
DA:79,32
DA:80,0
DA:85,32
LF:39
LH:37
BRDA:7,0,0,17
BRDA:9,1,0,50
BRDA:10,2,0,84
BRDA:10,2,1,58
BRDA:10,2,2,45
BRDA:19,3,0,0
BRDA:23,4,0,8
BRDA:23,5,0,34
BRDA:23,5,1,34
BRDA:31,6,0,0
BRDA:56,7,0,14
BRDA:56,7,1,64
BRDA:58,8,0,64
BRDA:58,8,1,0
BRDA:68,9,0,32
BRDA:72,10,0,8
BRDA:73,11,0,40
BRDA:73,11,1,40
BRDA:73,11,2,34
BRDA:79,12,0,0
BRF:20
BRH:16
end_of_record
TN:
SF:src/utils.ts
FN:3,(anonymous_4)
FN:5,isFunction
FN:10,isObject
FNF:3
FNH:3
FNDA:45,(anonymous_4)
FNDA:11,isFunction
FNDA:26,isObject
DA:1,3
DA:3,45
DA:5,11
DA:6,11
DA:7,11
DA:10,26
DA:11,26
LF:7
LH:7
BRDA:6,0,0,0
BRDA:11,1,0,26
BRDA:11,1,1,26
BRF:3
BRH:2
end_of_record
