TN:
SF:src/connect-component.ts
FN:3,(anonymous_1)
FN:36,(anonymous_2)
FN:39,(anonymous_3)
FN:41,(anonymous_4)
FN:42,(anonymous_5)
FN:57,attached
FN:63,detached
FN:65,(anonymous_8)
FN:73,created
FNF:9
FNH:9
FNDA:3,(anonymous_1)
FNDA:9,(anonymous_2)
FNDA:9,(anonymous_3)
FNDA:9,(anonymous_4)
FNDA:9,(anonymous_5)
FNDA:9,attached
FNDA:9,detached
FNDA:9,(anonymous_8)
FNDA:9,created
DA:1,3
DA:3,3
DA:27,3
DA:28,3
DA:29,3
DA:31,3
DA:33,3
DA:36,3
DA:37,9
DA:38,9
DA:40,9
DA:41,9
DA:42,9
DA:43,9
DA:46,9
DA:47,9
DA:48,9
DA:51,9
DA:58,9
DA:59,9
DA:64,9
DA:66,9
DA:69,9
DA:74,9
DA:75,9
DA:78,3
DA:88,3
DA:90,3
LF:28
LH:28
BRDA:48,0,0,9
BRF:1
BRH:1
end_of_record
TN:
SF:src/connect-page.ts
FN:3,(anonymous_1)
FN:21,(anonymous_2)
FN:23,(anonymous_3)
FN:25,(anonymous_4)
FN:26,(anonymous_5)
FN:40,onLoad
FN:47,onUnload
FN:49,(anonymous_8)
FNF:8
FNH:8
FNDA:1,(anonymous_1)
FNDA:1,(anonymous_2)
FNDA:1,(anonymous_3)
FNDA:1,(anonymous_4)
FNDA:1,(anonymous_5)
FNDA:1,onLoad
FNDA:1,onUnload
FNDA:1,(anonymous_8)
DA:1,3
DA:3,3
DA:13,1
DA:14,1
DA:16,1
DA:18,1
DA:21,1
DA:22,1
DA:23,1
DA:24,1
DA:25,1
DA:26,1
DA:27,1
DA:30,1
DA:31,1
DA:32,1
DA:34,1
DA:41,1
DA:42,1
DA:43,1
DA:48,1
DA:50,1
DA:53,1
DA:59,1
DA:61,1
LF:25
LH:25
BRDA:32,0,0,1
BRF:1
BRH:1
end_of_record
TN:
SF:src/const.ts
FNF:0
FNH:0
DA:1,108
DA:2,136
DA:3,246
DA:4,108
DA:5,74
LF:5
LH:5
BRF:0
BRH:0
end_of_record
TN:
SF:src/diff.ts
FN:3,diffData
FN:11,syncKeys
FN:26,(anonymous_3)
FN:33,_diff
FN:61,(anonymous_5)
FN:95,(anonymous_6)
FN:105,concatPathAndKey
FN:111,setResult
FN:117,getType
FNF:9
FNH:8
FNDA:6,diffData
FNDA:68,syncKeys
FNDA:12,(anonymous_3)
FNDA:21,_diff
FNDA:15,(anonymous_5)
FNDA:0,(anonymous_6)
FNDA:23,concatPathAndKey
FNDA:11,setResult
FNDA:213,getType
DA:1,3
DA:3,6
DA:4,6
DA:5,6
DA:6,6
DA:7,6
DA:8,6
DA:12,68
DA:13,30
DA:14,30
DA:15,30
DA:16,18
DA:17,50
DA:18,50
DA:19,0
DA:21,50
DA:24,12
DA:25,4
DA:26,4
DA:27,12
DA:34,21
DA:35,21
DA:36,21
DA:37,21
DA:38,21
DA:43,3
DA:45,18
DA:46,50
DA:47,50
DA:48,50
DA:49,50
DA:50,50
DA:51,46
DA:52,8
DA:54,4
DA:55,4
DA:56,0
DA:58,4
DA:59,0
DA:61,4
DA:62,15
DA:71,0
DA:72,0
DA:76,0
DA:78,0
DA:80,0
DA:82,0
DA:88,0
DA:89,0
DA:90,0
DA:92,0
DA:93,0
DA:95,0
DA:96,0
DA:101,0
DA:106,23
DA:112,11
DA:113,11
DA:118,213
LF:59
LH:42
BRDA:5,0,0,0
BRDA:12,1,0,38
BRDA:15,2,0,18
BRDA:15,2,1,12
BRDA:15,3,0,30
BRDA:15,3,1,18
BRDA:18,4,0,0
BRDA:18,4,1,50
BRDA:24,5,0,4
BRDA:24,6,0,12
BRDA:24,6,1,4
BRDA:25,7,0,4
BRDA:34,8,0,0
BRDA:37,9,0,21
BRDA:37,9,1,0
BRDA:38,10,0,3
BRDA:38,10,1,18
BRDA:39,11,0,21
BRDA:39,11,1,18
BRDA:39,11,2,0
BRDA:50,12,0,46
BRDA:50,12,1,4
BRDA:50,13,0,50
BRDA:50,13,1,46
BRDA:51,14,0,8
BRDA:54,15,0,4
BRDA:54,15,1,0
BRDA:55,16,0,0
BRDA:55,16,1,4
BRDA:58,17,0,0
BRDA:58,17,1,4
BRDA:71,18,0,0
BRDA:72,19,0,0
BRDA:72,19,1,0
BRDA:73,20,0,0
BRDA:73,20,1,0
BRDA:81,21,0,0
BRDA:81,21,1,0
BRDA:88,22,0,0
BRDA:88,22,1,0
BRDA:89,23,0,0
BRDA:89,23,1,0
BRDA:92,24,0,0
BRDA:92,24,1,0
BRDA:106,25,0,0
BRDA:106,25,1,23
BRDA:108,26,0,22
BRDA:108,26,1,1
BRDA:112,27,0,11
BRF:49
BRH:27
end_of_record
TN:
SF:src/index.ts
FNF:0
FNH:0
DA:1,3
DA:3,3
DA:4,3
DA:9,3
DA:17,8
LF:5
LH:5
BRF:0
BRH:0
end_of_record
TN:
SF:src/make-auto-observable.ts
FN:14,makeAutoObservable
FN:29,traverseDescriptor
FNF:2
FNH:2
FNDA:8,makeAutoObservable
FNDA:16,traverseDescriptor
DA:6,3
DA:7,3
DA:12,3
DA:14,8
DA:27,8
DA:30,16
DA:31,29
DA:32,21
DA:33,4
DA:41,8
DA:43,8
DA:45,8
DA:46,8
DA:47,8
DA:50,8
DA:52,8
LF:16
LH:16
BRDA:31,0,0,8
BRDA:32,1,0,4
BRDA:32,2,0,21
BRDA:32,2,1,11
BRDA:45,3,0,8
BRF:5
BRH:5
end_of_record
TN:
SF:src/shim-store-map.ts
FN:23,(anonymous_2)
FN:41,(anonymous_3)
FN:46,(anonymous_4)
FN:51,(anonymous_5)
FN:61,(anonymous_6)
FN:65,(anonymous_7)
FN:69,(anonymous_8)
FN:73,(anonymous_9)
FN:81,(anonymous_11)
FN:87,(anonymous_12)
FNF:10
FNH:10
FNDA:40,(anonymous_2)
FNDA:10,(anonymous_3)
FNDA:10,(anonymous_4)
FNDA:10,(anonymous_5)
FNDA:12,(anonymous_6)
FNDA:6,(anonymous_7)
FNDA:11,(anonymous_8)
FNDA:10,(anonymous_9)
FNDA:10,(anonymous_11)
FNDA:10,(anonymous_12)
DA:1,3
DA:2,3
DA:3,3
DA:17,3
DA:19,3
DA:21,3
DA:24,40
DA:25,40
DA:26,3
DA:27,3
DA:28,3
DA:29,3
DA:33,3
DA:35,0
DA:38,40
DA:42,10
DA:43,10
DA:47,10
DA:48,10
DA:52,10
DA:54,10
DA:56,10
DA:59,10
DA:60,6
DA:62,12
DA:63,12
DA:66,6
DA:67,6
DA:70,11
DA:71,11
DA:73,10
DA:77,10
DA:78,10
DA:81,3
DA:82,10
DA:83,10
DA:84,10
DA:87,3
DA:88,10
DA:89,10
DA:90,10
DA:91,10
DA:92,10
DA:93,10
DA:94,10
DA:95,10
DA:96,6
DA:97,6
DA:98,6
DA:103,30
LF:50
LH:49
BRDA:23,0,0,20
BRDA:25,1,0,3
BRDA:26,2,0,3
BRDA:26,2,1,0
BRDA:59,3,0,6
BRDA:77,4,0,6
BRDA:83,5,0,0
BRDA:88,6,0,0
BRDA:88,7,0,10
BRDA:88,7,1,10
BRDA:91,8,0,0
BRDA:93,9,0,0
BRDA:95,10,0,6
BRDA:95,11,0,10
BRDA:95,11,1,6
BRF:15
BRH:10
end_of_record
TN:
SF:src/traverse.ts
FN:5,traverseModel
FN:39,(anonymous_2)
FN:42,(anonymous_3)
FN:49,(anonymous_4)
FN:52,(anonymous_5)
FN:62,(anonymous_6)
FN:65,(anonymous_7)
FNF:7
FNH:6
FNDA:336,traverseModel
FNDA:144,(anonymous_2)
FNDA:116,(anonymous_3)
FNDA:156,(anonymous_4)
FNDA:156,(anonymous_5)
FNDA:80,(anonymous_6)
FNDA:0,(anonymous_7)
DA:1,3
DA:2,3
DA:3,3
DA:5,12
DA:7,336
DA:9,278
DA:14,170
DA:16,108
DA:19,108
DA:23,80
DA:24,16
DA:25,16
DA:26,52
DA:28,16
DA:31,64
DA:32,64
DA:35,64
DA:38,64
DA:39,144
DA:42,64
DA:43,116
DA:46,64
DA:48,64
DA:49,156
DA:52,64
DA:53,156
DA:56,64
DA:58,64
DA:59,64
DA:61,64
DA:62,80
DA:65,64
DA:66,0
DA:70,64
LF:34
LH:33
BRDA:7,0,0,58
BRDA:9,1,0,170
BRDA:10,2,0,278
BRDA:10,2,1,174
BRDA:10,2,2,122
BRDA:19,3,0,28
BRDA:23,4,0,16
BRDA:23,5,0,80
BRDA:23,5,1,80
BRDA:31,6,0,0
BRDA:58,7,0,64
BRDA:62,8,0,80
BRDA:62,8,1,64
BRF:13
BRH:12
end_of_record
TN:
SF:src/utils.ts
FN:3,(anonymous_4)
FN:5,isFunction
FN:10,isObject
FNF:3
FNH:3
FNDA:235,(anonymous_4)
FNDA:155,isFunction
FNDA:64,isObject
DA:1,3
DA:3,235
DA:5,155
DA:6,155
DA:7,127
DA:10,64
DA:11,64
LF:7
LH:7
BRDA:6,0,0,28
BRDA:11,1,0,64
BRDA:11,1,1,64
BRF:3
BRH:3
end_of_record
